ARM GAS  /tmp/ccPvFzqs.s 			page 1


   1              		.cpu cortex-m4
   2              		.arch armv7e-m
   3              		.fpu fpv4-sp-d16
   4              		.eabi_attribute 27, 1
   5              		.eabi_attribute 28, 1
   6              		.eabi_attribute 20, 1
   7              		.eabi_attribute 21, 1
   8              		.eabi_attribute 23, 3
   9              		.eabi_attribute 24, 1
  10              		.eabi_attribute 25, 1
  11              		.eabi_attribute 26, 1
  12              		.eabi_attribute 30, 1
  13              		.eabi_attribute 34, 1
  14              		.eabi_attribute 18, 4
  15              		.file	"stm32f3xx_hal.c"
  16              		.text
  17              	.Ltext0:
  18              		.cfi_sections	.debug_frame
  19              		.file 1 "Drivers/STM32F3xx_HAL_Driver/Src/stm32f3xx_hal.c"
  20              		.section	.text.HAL_MspInit,"ax",%progbits
  21              		.align	1
  22              		.weak	HAL_MspInit
  23              		.syntax unified
  24              		.thumb
  25              		.thumb_func
  27              	HAL_MspInit:
  28              	.LFB125:
   1:Drivers/STM32F3xx_HAL_Driver/Src/stm32f3xx_hal.c **** /**
   2:Drivers/STM32F3xx_HAL_Driver/Src/stm32f3xx_hal.c ****   ******************************************************************************
   3:Drivers/STM32F3xx_HAL_Driver/Src/stm32f3xx_hal.c ****   * @file    stm32f3xx_hal.c
   4:Drivers/STM32F3xx_HAL_Driver/Src/stm32f3xx_hal.c ****   * @author  MCD Application Team
   5:Drivers/STM32F3xx_HAL_Driver/Src/stm32f3xx_hal.c ****   * @brief   HAL module driver.
   6:Drivers/STM32F3xx_HAL_Driver/Src/stm32f3xx_hal.c ****   *          This is the common part of the HAL initialization
   7:Drivers/STM32F3xx_HAL_Driver/Src/stm32f3xx_hal.c ****   *
   8:Drivers/STM32F3xx_HAL_Driver/Src/stm32f3xx_hal.c ****   @verbatim
   9:Drivers/STM32F3xx_HAL_Driver/Src/stm32f3xx_hal.c ****   ==============================================================================
  10:Drivers/STM32F3xx_HAL_Driver/Src/stm32f3xx_hal.c ****                      ##### How to use this driver #####
  11:Drivers/STM32F3xx_HAL_Driver/Src/stm32f3xx_hal.c ****   ==============================================================================
  12:Drivers/STM32F3xx_HAL_Driver/Src/stm32f3xx_hal.c ****     [..]
  13:Drivers/STM32F3xx_HAL_Driver/Src/stm32f3xx_hal.c ****     The common HAL driver contains a set of generic and common APIs that can be
  14:Drivers/STM32F3xx_HAL_Driver/Src/stm32f3xx_hal.c ****     used by the PPP peripheral drivers and the user to start using the HAL.
  15:Drivers/STM32F3xx_HAL_Driver/Src/stm32f3xx_hal.c ****     [..]
  16:Drivers/STM32F3xx_HAL_Driver/Src/stm32f3xx_hal.c ****     The HAL contains two APIs categories:
  17:Drivers/STM32F3xx_HAL_Driver/Src/stm32f3xx_hal.c ****          (+) HAL Initialization and de-initialization functions
  18:Drivers/STM32F3xx_HAL_Driver/Src/stm32f3xx_hal.c ****          (+) HAL Control functions
  19:Drivers/STM32F3xx_HAL_Driver/Src/stm32f3xx_hal.c **** 
  20:Drivers/STM32F3xx_HAL_Driver/Src/stm32f3xx_hal.c ****   @endverbatim
  21:Drivers/STM32F3xx_HAL_Driver/Src/stm32f3xx_hal.c ****   ******************************************************************************
  22:Drivers/STM32F3xx_HAL_Driver/Src/stm32f3xx_hal.c ****   * @attention
  23:Drivers/STM32F3xx_HAL_Driver/Src/stm32f3xx_hal.c ****   *
  24:Drivers/STM32F3xx_HAL_Driver/Src/stm32f3xx_hal.c ****   * <h2><center>&copy; Copyright (c) 2016 STMicroelectronics.
  25:Drivers/STM32F3xx_HAL_Driver/Src/stm32f3xx_hal.c ****   * All rights reserved.</center></h2>
  26:Drivers/STM32F3xx_HAL_Driver/Src/stm32f3xx_hal.c ****   *
  27:Drivers/STM32F3xx_HAL_Driver/Src/stm32f3xx_hal.c ****   * This software component is licensed by ST under BSD 3-Clause license,
  28:Drivers/STM32F3xx_HAL_Driver/Src/stm32f3xx_hal.c ****   * the "License"; You may not use this file except in compliance with the
  29:Drivers/STM32F3xx_HAL_Driver/Src/stm32f3xx_hal.c ****   * License. You may obtain a copy of the License at:
  30:Drivers/STM32F3xx_HAL_Driver/Src/stm32f3xx_hal.c ****   *                        opensource.org/licenses/BSD-3-Clause
ARM GAS  /tmp/ccPvFzqs.s 			page 2


  31:Drivers/STM32F3xx_HAL_Driver/Src/stm32f3xx_hal.c ****   *
  32:Drivers/STM32F3xx_HAL_Driver/Src/stm32f3xx_hal.c ****   ******************************************************************************
  33:Drivers/STM32F3xx_HAL_Driver/Src/stm32f3xx_hal.c ****   */
  34:Drivers/STM32F3xx_HAL_Driver/Src/stm32f3xx_hal.c **** 
  35:Drivers/STM32F3xx_HAL_Driver/Src/stm32f3xx_hal.c **** /* Includes ------------------------------------------------------------------*/
  36:Drivers/STM32F3xx_HAL_Driver/Src/stm32f3xx_hal.c **** #include "stm32f3xx_hal.h"
  37:Drivers/STM32F3xx_HAL_Driver/Src/stm32f3xx_hal.c **** 
  38:Drivers/STM32F3xx_HAL_Driver/Src/stm32f3xx_hal.c **** /** @addtogroup STM32F3xx_HAL_Driver
  39:Drivers/STM32F3xx_HAL_Driver/Src/stm32f3xx_hal.c ****   * @{
  40:Drivers/STM32F3xx_HAL_Driver/Src/stm32f3xx_hal.c ****   */
  41:Drivers/STM32F3xx_HAL_Driver/Src/stm32f3xx_hal.c **** 
  42:Drivers/STM32F3xx_HAL_Driver/Src/stm32f3xx_hal.c **** /** @defgroup HAL HAL
  43:Drivers/STM32F3xx_HAL_Driver/Src/stm32f3xx_hal.c ****   * @brief HAL module driver.
  44:Drivers/STM32F3xx_HAL_Driver/Src/stm32f3xx_hal.c ****   * @{
  45:Drivers/STM32F3xx_HAL_Driver/Src/stm32f3xx_hal.c ****   */
  46:Drivers/STM32F3xx_HAL_Driver/Src/stm32f3xx_hal.c **** 
  47:Drivers/STM32F3xx_HAL_Driver/Src/stm32f3xx_hal.c **** #ifdef HAL_MODULE_ENABLED
  48:Drivers/STM32F3xx_HAL_Driver/Src/stm32f3xx_hal.c **** 
  49:Drivers/STM32F3xx_HAL_Driver/Src/stm32f3xx_hal.c **** /* Private typedef -----------------------------------------------------------*/
  50:Drivers/STM32F3xx_HAL_Driver/Src/stm32f3xx_hal.c **** /* Private define ------------------------------------------------------------*/
  51:Drivers/STM32F3xx_HAL_Driver/Src/stm32f3xx_hal.c **** /** @defgroup HAL_Private Constants
  52:Drivers/STM32F3xx_HAL_Driver/Src/stm32f3xx_hal.c ****   * @{
  53:Drivers/STM32F3xx_HAL_Driver/Src/stm32f3xx_hal.c ****   */
  54:Drivers/STM32F3xx_HAL_Driver/Src/stm32f3xx_hal.c **** /**
  55:Drivers/STM32F3xx_HAL_Driver/Src/stm32f3xx_hal.c ****  * @brief STM32F3xx HAL Driver version number V1.5.6
  56:Drivers/STM32F3xx_HAL_Driver/Src/stm32f3xx_hal.c ****    */
  57:Drivers/STM32F3xx_HAL_Driver/Src/stm32f3xx_hal.c **** #define __STM32F3xx_HAL_VERSION_MAIN   (0x01U) /*!< [31:24] main version */
  58:Drivers/STM32F3xx_HAL_Driver/Src/stm32f3xx_hal.c **** #define __STM32F3xx_HAL_VERSION_SUB1   (0x05U) /*!< [23:16] sub1 version */
  59:Drivers/STM32F3xx_HAL_Driver/Src/stm32f3xx_hal.c **** #define __STM32F3xx_HAL_VERSION_SUB2   (0x06U) /*!< [15:8]  sub2 version */
  60:Drivers/STM32F3xx_HAL_Driver/Src/stm32f3xx_hal.c **** #define __STM32F3xx_HAL_VERSION_RC     (0x00U) /*!< [7:0]  release candidate */
  61:Drivers/STM32F3xx_HAL_Driver/Src/stm32f3xx_hal.c **** #define __STM32F3xx_HAL_VERSION         ((__STM32F3xx_HAL_VERSION_MAIN << 24U)\
  62:Drivers/STM32F3xx_HAL_Driver/Src/stm32f3xx_hal.c ****                                         |(__STM32F3xx_HAL_VERSION_SUB1 << 16U)\
  63:Drivers/STM32F3xx_HAL_Driver/Src/stm32f3xx_hal.c ****                                         |(__STM32F3xx_HAL_VERSION_SUB2 << 8U )\
  64:Drivers/STM32F3xx_HAL_Driver/Src/stm32f3xx_hal.c ****                                         |(__STM32F3xx_HAL_VERSION_RC))
  65:Drivers/STM32F3xx_HAL_Driver/Src/stm32f3xx_hal.c **** 
  66:Drivers/STM32F3xx_HAL_Driver/Src/stm32f3xx_hal.c **** #define IDCODE_DEVID_MASK    (0x00000FFFU)
  67:Drivers/STM32F3xx_HAL_Driver/Src/stm32f3xx_hal.c **** /**
  68:Drivers/STM32F3xx_HAL_Driver/Src/stm32f3xx_hal.c ****   * @}
  69:Drivers/STM32F3xx_HAL_Driver/Src/stm32f3xx_hal.c ****   */
  70:Drivers/STM32F3xx_HAL_Driver/Src/stm32f3xx_hal.c ****   
  71:Drivers/STM32F3xx_HAL_Driver/Src/stm32f3xx_hal.c **** /* Private macro -------------------------------------------------------------*/
  72:Drivers/STM32F3xx_HAL_Driver/Src/stm32f3xx_hal.c **** /* Exported variables --------------------------------------------------------*/
  73:Drivers/STM32F3xx_HAL_Driver/Src/stm32f3xx_hal.c **** /** @defgroup HAL_Exported_Variables HAL Exported Variables
  74:Drivers/STM32F3xx_HAL_Driver/Src/stm32f3xx_hal.c ****   * @{
  75:Drivers/STM32F3xx_HAL_Driver/Src/stm32f3xx_hal.c ****   */
  76:Drivers/STM32F3xx_HAL_Driver/Src/stm32f3xx_hal.c **** __IO uint32_t uwTick;
  77:Drivers/STM32F3xx_HAL_Driver/Src/stm32f3xx_hal.c **** uint32_t uwTickPrio   = (1UL << __NVIC_PRIO_BITS); /* Invalid PRIO */
  78:Drivers/STM32F3xx_HAL_Driver/Src/stm32f3xx_hal.c **** HAL_TickFreqTypeDef uwTickFreq = HAL_TICK_FREQ_DEFAULT;  /* 1KHz */
  79:Drivers/STM32F3xx_HAL_Driver/Src/stm32f3xx_hal.c **** /**
  80:Drivers/STM32F3xx_HAL_Driver/Src/stm32f3xx_hal.c ****   * @}
  81:Drivers/STM32F3xx_HAL_Driver/Src/stm32f3xx_hal.c ****   */
  82:Drivers/STM32F3xx_HAL_Driver/Src/stm32f3xx_hal.c **** /* Private function prototypes -----------------------------------------------*/
  83:Drivers/STM32F3xx_HAL_Driver/Src/stm32f3xx_hal.c **** /* Exported functions ---------------------------------------------------------*/
  84:Drivers/STM32F3xx_HAL_Driver/Src/stm32f3xx_hal.c **** 
  85:Drivers/STM32F3xx_HAL_Driver/Src/stm32f3xx_hal.c **** /** @defgroup HAL_Exported_Functions HAL Exported Functions
  86:Drivers/STM32F3xx_HAL_Driver/Src/stm32f3xx_hal.c ****   * @{
  87:Drivers/STM32F3xx_HAL_Driver/Src/stm32f3xx_hal.c ****   */
ARM GAS  /tmp/ccPvFzqs.s 			page 3


  88:Drivers/STM32F3xx_HAL_Driver/Src/stm32f3xx_hal.c **** 
  89:Drivers/STM32F3xx_HAL_Driver/Src/stm32f3xx_hal.c **** /** @defgroup HAL_Exported_Functions_Group1 Initialization and de-initialization Functions 
  90:Drivers/STM32F3xx_HAL_Driver/Src/stm32f3xx_hal.c ****  *  @brief    Initialization and de-initialization functions
  91:Drivers/STM32F3xx_HAL_Driver/Src/stm32f3xx_hal.c ****  *
  92:Drivers/STM32F3xx_HAL_Driver/Src/stm32f3xx_hal.c **** @verbatim
  93:Drivers/STM32F3xx_HAL_Driver/Src/stm32f3xx_hal.c ****  ===============================================================================
  94:Drivers/STM32F3xx_HAL_Driver/Src/stm32f3xx_hal.c ****               ##### Initialization and de-initialization functions #####
  95:Drivers/STM32F3xx_HAL_Driver/Src/stm32f3xx_hal.c ****  ===============================================================================
  96:Drivers/STM32F3xx_HAL_Driver/Src/stm32f3xx_hal.c ****     [..]  This section provides functions allowing to:
  97:Drivers/STM32F3xx_HAL_Driver/Src/stm32f3xx_hal.c ****       (+) Initializes the Flash interface, the NVIC allocation and initial clock 
  98:Drivers/STM32F3xx_HAL_Driver/Src/stm32f3xx_hal.c ****           configuration. It initializes the systick also when timeout is needed
  99:Drivers/STM32F3xx_HAL_Driver/Src/stm32f3xx_hal.c ****           and the backup domain when enabled.
 100:Drivers/STM32F3xx_HAL_Driver/Src/stm32f3xx_hal.c ****       (+) de-Initializes common part of the HAL.
 101:Drivers/STM32F3xx_HAL_Driver/Src/stm32f3xx_hal.c ****       (+) Configure The time base source to have 1ms time base with a dedicated 
 102:Drivers/STM32F3xx_HAL_Driver/Src/stm32f3xx_hal.c ****           Tick interrupt priority. 
 103:Drivers/STM32F3xx_HAL_Driver/Src/stm32f3xx_hal.c ****         (++) SysTick timer is used by default as source of time base, but user 
 104:Drivers/STM32F3xx_HAL_Driver/Src/stm32f3xx_hal.c ****              can eventually implement his proper time base source (a general purpose 
 105:Drivers/STM32F3xx_HAL_Driver/Src/stm32f3xx_hal.c ****              timer for example or other time source), keeping in mind that Time base 
 106:Drivers/STM32F3xx_HAL_Driver/Src/stm32f3xx_hal.c ****              duration should be kept 1ms since PPP_TIMEOUT_VALUEs are defined and 
 107:Drivers/STM32F3xx_HAL_Driver/Src/stm32f3xx_hal.c ****              handled in milliseconds basis.
 108:Drivers/STM32F3xx_HAL_Driver/Src/stm32f3xx_hal.c ****         (++) Time base configuration function (HAL_InitTick ()) is called automatically 
 109:Drivers/STM32F3xx_HAL_Driver/Src/stm32f3xx_hal.c ****              at the beginning of the program after reset by HAL_Init() or at any time 
 110:Drivers/STM32F3xx_HAL_Driver/Src/stm32f3xx_hal.c ****              when clock is configured, by HAL_RCC_ClockConfig(). 
 111:Drivers/STM32F3xx_HAL_Driver/Src/stm32f3xx_hal.c ****         (++) Source of time base is configured  to generate interrupts at regular 
 112:Drivers/STM32F3xx_HAL_Driver/Src/stm32f3xx_hal.c ****              time intervals. Care must be taken if HAL_Delay() is called from a 
 113:Drivers/STM32F3xx_HAL_Driver/Src/stm32f3xx_hal.c ****              peripheral ISR process, the Tick interrupt line must have higher priority 
 114:Drivers/STM32F3xx_HAL_Driver/Src/stm32f3xx_hal.c ****             (numerically lower) than the peripheral interrupt. Otherwise the caller 
 115:Drivers/STM32F3xx_HAL_Driver/Src/stm32f3xx_hal.c ****             ISR process will be blocked. 
 116:Drivers/STM32F3xx_HAL_Driver/Src/stm32f3xx_hal.c ****        (++) functions affecting time base configurations are declared as __Weak  
 117:Drivers/STM32F3xx_HAL_Driver/Src/stm32f3xx_hal.c ****              to make  override possible  in case of other  implementations in user file.
 118:Drivers/STM32F3xx_HAL_Driver/Src/stm32f3xx_hal.c **** 
 119:Drivers/STM32F3xx_HAL_Driver/Src/stm32f3xx_hal.c **** @endverbatim
 120:Drivers/STM32F3xx_HAL_Driver/Src/stm32f3xx_hal.c ****   * @{
 121:Drivers/STM32F3xx_HAL_Driver/Src/stm32f3xx_hal.c ****   */
 122:Drivers/STM32F3xx_HAL_Driver/Src/stm32f3xx_hal.c **** 
 123:Drivers/STM32F3xx_HAL_Driver/Src/stm32f3xx_hal.c **** /**
 124:Drivers/STM32F3xx_HAL_Driver/Src/stm32f3xx_hal.c ****   * @brief  This function configures the Flash prefetch, 
 125:Drivers/STM32F3xx_HAL_Driver/Src/stm32f3xx_hal.c ****   *         Configures time base source, NVIC and Low level hardware
 126:Drivers/STM32F3xx_HAL_Driver/Src/stm32f3xx_hal.c ****   * @note   This function is called at the beginning of program after reset and before 
 127:Drivers/STM32F3xx_HAL_Driver/Src/stm32f3xx_hal.c ****   *         the clock configuration
 128:Drivers/STM32F3xx_HAL_Driver/Src/stm32f3xx_hal.c ****   *             
 129:Drivers/STM32F3xx_HAL_Driver/Src/stm32f3xx_hal.c ****   * @note   The Systick configuration is based on HSI clock, as HSI is the clock
 130:Drivers/STM32F3xx_HAL_Driver/Src/stm32f3xx_hal.c ****   *         used after a system Reset and the NVIC configuration is set to Priority group 4 
 131:Drivers/STM32F3xx_HAL_Driver/Src/stm32f3xx_hal.c ****   *            
 132:Drivers/STM32F3xx_HAL_Driver/Src/stm32f3xx_hal.c ****   * @note   The time base configuration is based on MSI clock when exting from Reset.
 133:Drivers/STM32F3xx_HAL_Driver/Src/stm32f3xx_hal.c ****   *         Once done, time base tick start incrementing.
 134:Drivers/STM32F3xx_HAL_Driver/Src/stm32f3xx_hal.c ****   *         In the default implementation,Systick is used as source of time base.
 135:Drivers/STM32F3xx_HAL_Driver/Src/stm32f3xx_hal.c ****   *       The tick variable is incremented each 1ms in its ISR.
 136:Drivers/STM32F3xx_HAL_Driver/Src/stm32f3xx_hal.c ****   * @retval HAL status
 137:Drivers/STM32F3xx_HAL_Driver/Src/stm32f3xx_hal.c ****   */
 138:Drivers/STM32F3xx_HAL_Driver/Src/stm32f3xx_hal.c **** HAL_StatusTypeDef HAL_Init(void)
 139:Drivers/STM32F3xx_HAL_Driver/Src/stm32f3xx_hal.c **** {
 140:Drivers/STM32F3xx_HAL_Driver/Src/stm32f3xx_hal.c ****   /* Configure Flash prefetch */
 141:Drivers/STM32F3xx_HAL_Driver/Src/stm32f3xx_hal.c **** #if (PREFETCH_ENABLE != 0U)
 142:Drivers/STM32F3xx_HAL_Driver/Src/stm32f3xx_hal.c ****   __HAL_FLASH_PREFETCH_BUFFER_ENABLE();
 143:Drivers/STM32F3xx_HAL_Driver/Src/stm32f3xx_hal.c **** #endif /* PREFETCH_ENABLE */
 144:Drivers/STM32F3xx_HAL_Driver/Src/stm32f3xx_hal.c **** 
ARM GAS  /tmp/ccPvFzqs.s 			page 4


 145:Drivers/STM32F3xx_HAL_Driver/Src/stm32f3xx_hal.c ****   /* Set Interrupt Group Priority */
 146:Drivers/STM32F3xx_HAL_Driver/Src/stm32f3xx_hal.c ****   HAL_NVIC_SetPriorityGrouping(NVIC_PRIORITYGROUP_4);
 147:Drivers/STM32F3xx_HAL_Driver/Src/stm32f3xx_hal.c **** 
 148:Drivers/STM32F3xx_HAL_Driver/Src/stm32f3xx_hal.c ****   /* Enable systick and configure 1ms tick (default clock after Reset is HSI) */
 149:Drivers/STM32F3xx_HAL_Driver/Src/stm32f3xx_hal.c ****   HAL_InitTick(TICK_INT_PRIORITY);
 150:Drivers/STM32F3xx_HAL_Driver/Src/stm32f3xx_hal.c **** 
 151:Drivers/STM32F3xx_HAL_Driver/Src/stm32f3xx_hal.c ****   /* Init the low level hardware */
 152:Drivers/STM32F3xx_HAL_Driver/Src/stm32f3xx_hal.c ****   HAL_MspInit();
 153:Drivers/STM32F3xx_HAL_Driver/Src/stm32f3xx_hal.c **** 
 154:Drivers/STM32F3xx_HAL_Driver/Src/stm32f3xx_hal.c ****   /* Return function status */
 155:Drivers/STM32F3xx_HAL_Driver/Src/stm32f3xx_hal.c ****   return HAL_OK;
 156:Drivers/STM32F3xx_HAL_Driver/Src/stm32f3xx_hal.c **** }
 157:Drivers/STM32F3xx_HAL_Driver/Src/stm32f3xx_hal.c **** 
 158:Drivers/STM32F3xx_HAL_Driver/Src/stm32f3xx_hal.c **** /**
 159:Drivers/STM32F3xx_HAL_Driver/Src/stm32f3xx_hal.c ****   * @brief  This function de-Initializes common part of the HAL and stops the systick.
 160:Drivers/STM32F3xx_HAL_Driver/Src/stm32f3xx_hal.c ****   * @note This function is optional.
 161:Drivers/STM32F3xx_HAL_Driver/Src/stm32f3xx_hal.c ****   * @retval HAL status
 162:Drivers/STM32F3xx_HAL_Driver/Src/stm32f3xx_hal.c ****   */
 163:Drivers/STM32F3xx_HAL_Driver/Src/stm32f3xx_hal.c **** HAL_StatusTypeDef HAL_DeInit(void)
 164:Drivers/STM32F3xx_HAL_Driver/Src/stm32f3xx_hal.c **** {
 165:Drivers/STM32F3xx_HAL_Driver/Src/stm32f3xx_hal.c ****   /* Reset of all peripherals */
 166:Drivers/STM32F3xx_HAL_Driver/Src/stm32f3xx_hal.c ****   __HAL_RCC_APB1_FORCE_RESET();
 167:Drivers/STM32F3xx_HAL_Driver/Src/stm32f3xx_hal.c ****   __HAL_RCC_APB1_RELEASE_RESET();
 168:Drivers/STM32F3xx_HAL_Driver/Src/stm32f3xx_hal.c **** 
 169:Drivers/STM32F3xx_HAL_Driver/Src/stm32f3xx_hal.c ****   __HAL_RCC_APB2_FORCE_RESET();
 170:Drivers/STM32F3xx_HAL_Driver/Src/stm32f3xx_hal.c ****   __HAL_RCC_APB2_RELEASE_RESET();
 171:Drivers/STM32F3xx_HAL_Driver/Src/stm32f3xx_hal.c **** 
 172:Drivers/STM32F3xx_HAL_Driver/Src/stm32f3xx_hal.c ****   __HAL_RCC_AHB_FORCE_RESET();
 173:Drivers/STM32F3xx_HAL_Driver/Src/stm32f3xx_hal.c ****   __HAL_RCC_AHB_RELEASE_RESET();
 174:Drivers/STM32F3xx_HAL_Driver/Src/stm32f3xx_hal.c **** 
 175:Drivers/STM32F3xx_HAL_Driver/Src/stm32f3xx_hal.c ****   /* De-Init the low level hardware */
 176:Drivers/STM32F3xx_HAL_Driver/Src/stm32f3xx_hal.c ****   HAL_MspDeInit();
 177:Drivers/STM32F3xx_HAL_Driver/Src/stm32f3xx_hal.c **** 
 178:Drivers/STM32F3xx_HAL_Driver/Src/stm32f3xx_hal.c ****   /* Return function status */
 179:Drivers/STM32F3xx_HAL_Driver/Src/stm32f3xx_hal.c ****   return HAL_OK;
 180:Drivers/STM32F3xx_HAL_Driver/Src/stm32f3xx_hal.c **** }
 181:Drivers/STM32F3xx_HAL_Driver/Src/stm32f3xx_hal.c **** 
 182:Drivers/STM32F3xx_HAL_Driver/Src/stm32f3xx_hal.c **** /**
 183:Drivers/STM32F3xx_HAL_Driver/Src/stm32f3xx_hal.c ****   * @brief  Initialize the MSP.
 184:Drivers/STM32F3xx_HAL_Driver/Src/stm32f3xx_hal.c ****   * @retval None
 185:Drivers/STM32F3xx_HAL_Driver/Src/stm32f3xx_hal.c ****   */
 186:Drivers/STM32F3xx_HAL_Driver/Src/stm32f3xx_hal.c **** __weak void HAL_MspInit(void)
 187:Drivers/STM32F3xx_HAL_Driver/Src/stm32f3xx_hal.c **** {
  29              		.loc 1 187 1 view -0
  30              		.cfi_startproc
  31              		@ args = 0, pretend = 0, frame = 0
  32              		@ frame_needed = 0, uses_anonymous_args = 0
  33              		@ link register save eliminated.
 188:Drivers/STM32F3xx_HAL_Driver/Src/stm32f3xx_hal.c ****   /* NOTE : This function should not be modified, when the callback is needed,
 189:Drivers/STM32F3xx_HAL_Driver/Src/stm32f3xx_hal.c ****             the HAL_MspInit could be implemented in the user file
 190:Drivers/STM32F3xx_HAL_Driver/Src/stm32f3xx_hal.c ****    */
 191:Drivers/STM32F3xx_HAL_Driver/Src/stm32f3xx_hal.c **** }
  34              		.loc 1 191 1 view .LVU1
  35 0000 7047     		bx	lr
  36              		.cfi_endproc
  37              	.LFE125:
  39              		.section	.text.HAL_MspDeInit,"ax",%progbits
ARM GAS  /tmp/ccPvFzqs.s 			page 5


  40              		.align	1
  41              		.weak	HAL_MspDeInit
  42              		.syntax unified
  43              		.thumb
  44              		.thumb_func
  46              	HAL_MspDeInit:
  47              	.LFB126:
 192:Drivers/STM32F3xx_HAL_Driver/Src/stm32f3xx_hal.c **** 
 193:Drivers/STM32F3xx_HAL_Driver/Src/stm32f3xx_hal.c **** /**
 194:Drivers/STM32F3xx_HAL_Driver/Src/stm32f3xx_hal.c ****   * @brief  DeInitialize the MSP.
 195:Drivers/STM32F3xx_HAL_Driver/Src/stm32f3xx_hal.c ****   * @retval None
 196:Drivers/STM32F3xx_HAL_Driver/Src/stm32f3xx_hal.c ****   */
 197:Drivers/STM32F3xx_HAL_Driver/Src/stm32f3xx_hal.c **** __weak void HAL_MspDeInit(void)
 198:Drivers/STM32F3xx_HAL_Driver/Src/stm32f3xx_hal.c **** {
  48              		.loc 1 198 1 view -0
  49              		.cfi_startproc
  50              		@ args = 0, pretend = 0, frame = 0
  51              		@ frame_needed = 0, uses_anonymous_args = 0
  52              		@ link register save eliminated.
 199:Drivers/STM32F3xx_HAL_Driver/Src/stm32f3xx_hal.c ****   /* NOTE : This function should not be modified, when the callback is needed,
 200:Drivers/STM32F3xx_HAL_Driver/Src/stm32f3xx_hal.c ****             the HAL_MspDeInit could be implemented in the user file
 201:Drivers/STM32F3xx_HAL_Driver/Src/stm32f3xx_hal.c ****    */
 202:Drivers/STM32F3xx_HAL_Driver/Src/stm32f3xx_hal.c **** }
  53              		.loc 1 202 1 view .LVU3
  54 0000 7047     		bx	lr
  55              		.cfi_endproc
  56              	.LFE126:
  58              		.section	.text.HAL_DeInit,"ax",%progbits
  59              		.align	1
  60              		.global	HAL_DeInit
  61              		.syntax unified
  62              		.thumb
  63              		.thumb_func
  65              	HAL_DeInit:
  66              	.LFB124:
 164:Drivers/STM32F3xx_HAL_Driver/Src/stm32f3xx_hal.c ****   /* Reset of all peripherals */
  67              		.loc 1 164 1 view -0
  68              		.cfi_startproc
  69              		@ args = 0, pretend = 0, frame = 0
  70              		@ frame_needed = 0, uses_anonymous_args = 0
  71 0000 10B5     		push	{r4, lr}
  72              	.LCFI0:
  73              		.cfi_def_cfa_offset 8
  74              		.cfi_offset 4, -8
  75              		.cfi_offset 14, -4
 166:Drivers/STM32F3xx_HAL_Driver/Src/stm32f3xx_hal.c ****   __HAL_RCC_APB1_RELEASE_RESET();
  76              		.loc 1 166 3 view .LVU5
  77 0002 074B     		ldr	r3, .L5
  78 0004 4FF0FF32 		mov	r2, #-1
  79 0008 1A61     		str	r2, [r3, #16]
 167:Drivers/STM32F3xx_HAL_Driver/Src/stm32f3xx_hal.c **** 
  80              		.loc 1 167 3 view .LVU6
  81 000a 0024     		movs	r4, #0
  82 000c 1C61     		str	r4, [r3, #16]
 169:Drivers/STM32F3xx_HAL_Driver/Src/stm32f3xx_hal.c ****   __HAL_RCC_APB2_RELEASE_RESET();
  83              		.loc 1 169 3 view .LVU7
  84 000e DA60     		str	r2, [r3, #12]
ARM GAS  /tmp/ccPvFzqs.s 			page 6


 170:Drivers/STM32F3xx_HAL_Driver/Src/stm32f3xx_hal.c **** 
  85              		.loc 1 170 3 view .LVU8
  86 0010 DC60     		str	r4, [r3, #12]
 172:Drivers/STM32F3xx_HAL_Driver/Src/stm32f3xx_hal.c ****   __HAL_RCC_AHB_RELEASE_RESET();
  87              		.loc 1 172 3 view .LVU9
  88 0012 9A62     		str	r2, [r3, #40]
 173:Drivers/STM32F3xx_HAL_Driver/Src/stm32f3xx_hal.c **** 
  89              		.loc 1 173 3 view .LVU10
  90 0014 9C62     		str	r4, [r3, #40]
 176:Drivers/STM32F3xx_HAL_Driver/Src/stm32f3xx_hal.c **** 
  91              		.loc 1 176 3 view .LVU11
  92 0016 FFF7FEFF 		bl	HAL_MspDeInit
  93              	.LVL0:
 179:Drivers/STM32F3xx_HAL_Driver/Src/stm32f3xx_hal.c **** }
  94              		.loc 1 179 3 view .LVU12
 180:Drivers/STM32F3xx_HAL_Driver/Src/stm32f3xx_hal.c **** 
  95              		.loc 1 180 1 is_stmt 0 view .LVU13
  96 001a 2046     		mov	r0, r4
  97 001c 10BD     		pop	{r4, pc}
  98              	.L6:
  99 001e 00BF     		.align	2
 100              	.L5:
 101 0020 00100240 		.word	1073876992
 102              		.cfi_endproc
 103              	.LFE124:
 105              		.section	.text.HAL_InitTick,"ax",%progbits
 106              		.align	1
 107              		.weak	HAL_InitTick
 108              		.syntax unified
 109              		.thumb
 110              		.thumb_func
 112              	HAL_InitTick:
 113              	.LVL1:
 114              	.LFB127:
 203:Drivers/STM32F3xx_HAL_Driver/Src/stm32f3xx_hal.c **** 
 204:Drivers/STM32F3xx_HAL_Driver/Src/stm32f3xx_hal.c **** /**
 205:Drivers/STM32F3xx_HAL_Driver/Src/stm32f3xx_hal.c ****   * @brief  This function configures the source of the time base. 
 206:Drivers/STM32F3xx_HAL_Driver/Src/stm32f3xx_hal.c ****   *         The time source is configured  to have 1ms time base with a dedicated 
 207:Drivers/STM32F3xx_HAL_Driver/Src/stm32f3xx_hal.c ****   *         Tick interrupt priority. 
 208:Drivers/STM32F3xx_HAL_Driver/Src/stm32f3xx_hal.c ****   * @note   This function is called  automatically at the beginning of program after
 209:Drivers/STM32F3xx_HAL_Driver/Src/stm32f3xx_hal.c ****   *         reset by HAL_Init() or at any time when clock is reconfigured  by HAL_RCC_ClockConfig()
 210:Drivers/STM32F3xx_HAL_Driver/Src/stm32f3xx_hal.c ****   * @note   In the default implementation , SysTick timer is the source of time base. 
 211:Drivers/STM32F3xx_HAL_Driver/Src/stm32f3xx_hal.c ****   *         It is used to generate interrupts at regular time intervals. 
 212:Drivers/STM32F3xx_HAL_Driver/Src/stm32f3xx_hal.c ****   *         Care must be taken if HAL_Delay() is called from a peripheral ISR process, 
 213:Drivers/STM32F3xx_HAL_Driver/Src/stm32f3xx_hal.c ****   *         The SysTick interrupt must have higher priority (numerically lower) 
 214:Drivers/STM32F3xx_HAL_Driver/Src/stm32f3xx_hal.c ****   *         than the peripheral interrupt. Otherwise the caller ISR process will be blocked.
 215:Drivers/STM32F3xx_HAL_Driver/Src/stm32f3xx_hal.c ****   *         The function is declared as __Weak  to be overwritten  in case of other
 216:Drivers/STM32F3xx_HAL_Driver/Src/stm32f3xx_hal.c ****   *         implementation  in user file.
 217:Drivers/STM32F3xx_HAL_Driver/Src/stm32f3xx_hal.c ****   * @param TickPriority Tick interrupt priority.
 218:Drivers/STM32F3xx_HAL_Driver/Src/stm32f3xx_hal.c ****   * @retval HAL status
 219:Drivers/STM32F3xx_HAL_Driver/Src/stm32f3xx_hal.c ****   */
 220:Drivers/STM32F3xx_HAL_Driver/Src/stm32f3xx_hal.c **** __weak HAL_StatusTypeDef HAL_InitTick(uint32_t TickPriority)
 221:Drivers/STM32F3xx_HAL_Driver/Src/stm32f3xx_hal.c **** {
 115              		.loc 1 221 1 is_stmt 1 view -0
 116              		.cfi_startproc
 117              		@ args = 0, pretend = 0, frame = 0
 118              		@ frame_needed = 0, uses_anonymous_args = 0
ARM GAS  /tmp/ccPvFzqs.s 			page 7


 119              		.loc 1 221 1 is_stmt 0 view .LVU15
 120 0000 10B5     		push	{r4, lr}
 121              	.LCFI1:
 122              		.cfi_def_cfa_offset 8
 123              		.cfi_offset 4, -8
 124              		.cfi_offset 14, -4
 125 0002 0446     		mov	r4, r0
 222:Drivers/STM32F3xx_HAL_Driver/Src/stm32f3xx_hal.c ****   /* Configure the SysTick to have interrupt in 1ms time basis*/
 223:Drivers/STM32F3xx_HAL_Driver/Src/stm32f3xx_hal.c ****   if (HAL_SYSTICK_Config(SystemCoreClock / (1000U / uwTickFreq)) > 0U)
 126              		.loc 1 223 3 is_stmt 1 view .LVU16
 127              		.loc 1 223 51 is_stmt 0 view .LVU17
 128 0004 0E4B     		ldr	r3, .L13
 129 0006 1A78     		ldrb	r2, [r3]	@ zero_extendqisi2
 130 0008 4FF47A73 		mov	r3, #1000
 131 000c B3FBF2F3 		udiv	r3, r3, r2
 132              		.loc 1 223 7 view .LVU18
 133 0010 0C4A     		ldr	r2, .L13+4
 134 0012 1068     		ldr	r0, [r2]
 135              	.LVL2:
 136              		.loc 1 223 7 view .LVU19
 137 0014 B0FBF3F0 		udiv	r0, r0, r3
 138 0018 FFF7FEFF 		bl	HAL_SYSTICK_Config
 139              	.LVL3:
 140              		.loc 1 223 6 view .LVU20
 141 001c 68B9     		cbnz	r0, .L9
 224:Drivers/STM32F3xx_HAL_Driver/Src/stm32f3xx_hal.c ****   {
 225:Drivers/STM32F3xx_HAL_Driver/Src/stm32f3xx_hal.c ****     return HAL_ERROR;
 226:Drivers/STM32F3xx_HAL_Driver/Src/stm32f3xx_hal.c ****   }
 227:Drivers/STM32F3xx_HAL_Driver/Src/stm32f3xx_hal.c **** 
 228:Drivers/STM32F3xx_HAL_Driver/Src/stm32f3xx_hal.c ****   /* Configure the SysTick IRQ priority */
 229:Drivers/STM32F3xx_HAL_Driver/Src/stm32f3xx_hal.c ****   if (TickPriority < (1UL << __NVIC_PRIO_BITS))
 142              		.loc 1 229 3 is_stmt 1 view .LVU21
 143              		.loc 1 229 6 is_stmt 0 view .LVU22
 144 001e 0F2C     		cmp	r4, #15
 145 0020 01D9     		bls	.L12
 230:Drivers/STM32F3xx_HAL_Driver/Src/stm32f3xx_hal.c ****   {
 231:Drivers/STM32F3xx_HAL_Driver/Src/stm32f3xx_hal.c ****     HAL_NVIC_SetPriority(SysTick_IRQn, TickPriority, 0U);
 232:Drivers/STM32F3xx_HAL_Driver/Src/stm32f3xx_hal.c ****     uwTickPrio = TickPriority;
 233:Drivers/STM32F3xx_HAL_Driver/Src/stm32f3xx_hal.c ****   }
 234:Drivers/STM32F3xx_HAL_Driver/Src/stm32f3xx_hal.c ****   else
 235:Drivers/STM32F3xx_HAL_Driver/Src/stm32f3xx_hal.c ****   {
 236:Drivers/STM32F3xx_HAL_Driver/Src/stm32f3xx_hal.c ****     return HAL_ERROR;
 146              		.loc 1 236 12 view .LVU23
 147 0022 0120     		movs	r0, #1
 148 0024 0AE0     		b	.L8
 149              	.L12:
 231:Drivers/STM32F3xx_HAL_Driver/Src/stm32f3xx_hal.c ****     uwTickPrio = TickPriority;
 150              		.loc 1 231 5 is_stmt 1 view .LVU24
 151 0026 0022     		movs	r2, #0
 152 0028 2146     		mov	r1, r4
 153 002a 4FF0FF30 		mov	r0, #-1
 154 002e FFF7FEFF 		bl	HAL_NVIC_SetPriority
 155              	.LVL4:
 232:Drivers/STM32F3xx_HAL_Driver/Src/stm32f3xx_hal.c ****   }
 156              		.loc 1 232 5 view .LVU25
 232:Drivers/STM32F3xx_HAL_Driver/Src/stm32f3xx_hal.c ****   }
 157              		.loc 1 232 16 is_stmt 0 view .LVU26
ARM GAS  /tmp/ccPvFzqs.s 			page 8


 158 0032 054B     		ldr	r3, .L13+8
 159 0034 1C60     		str	r4, [r3]
 237:Drivers/STM32F3xx_HAL_Driver/Src/stm32f3xx_hal.c ****   }
 238:Drivers/STM32F3xx_HAL_Driver/Src/stm32f3xx_hal.c ****    /* Return function status */
 239:Drivers/STM32F3xx_HAL_Driver/Src/stm32f3xx_hal.c ****   return HAL_OK;
 160              		.loc 1 239 3 is_stmt 1 view .LVU27
 161              		.loc 1 239 10 is_stmt 0 view .LVU28
 162 0036 0020     		movs	r0, #0
 163 0038 00E0     		b	.L8
 164              	.L9:
 225:Drivers/STM32F3xx_HAL_Driver/Src/stm32f3xx_hal.c ****   }
 165              		.loc 1 225 12 view .LVU29
 166 003a 0120     		movs	r0, #1
 167              	.L8:
 240:Drivers/STM32F3xx_HAL_Driver/Src/stm32f3xx_hal.c **** }
 168              		.loc 1 240 1 view .LVU30
 169 003c 10BD     		pop	{r4, pc}
 170              	.LVL5:
 171              	.L14:
 172              		.loc 1 240 1 view .LVU31
 173 003e 00BF     		.align	2
 174              	.L13:
 175 0040 00000000 		.word	uwTickFreq
 176 0044 00000000 		.word	SystemCoreClock
 177 0048 00000000 		.word	uwTickPrio
 178              		.cfi_endproc
 179              	.LFE127:
 181              		.section	.text.HAL_Init,"ax",%progbits
 182              		.align	1
 183              		.global	HAL_Init
 184              		.syntax unified
 185              		.thumb
 186              		.thumb_func
 188              	HAL_Init:
 189              	.LFB123:
 139:Drivers/STM32F3xx_HAL_Driver/Src/stm32f3xx_hal.c ****   /* Configure Flash prefetch */
 190              		.loc 1 139 1 is_stmt 1 view -0
 191              		.cfi_startproc
 192              		@ args = 0, pretend = 0, frame = 0
 193              		@ frame_needed = 0, uses_anonymous_args = 0
 194 0000 08B5     		push	{r3, lr}
 195              	.LCFI2:
 196              		.cfi_def_cfa_offset 8
 197              		.cfi_offset 3, -8
 198              		.cfi_offset 14, -4
 142:Drivers/STM32F3xx_HAL_Driver/Src/stm32f3xx_hal.c **** #endif /* PREFETCH_ENABLE */
 199              		.loc 1 142 3 view .LVU33
 200 0002 074A     		ldr	r2, .L17
 201 0004 1368     		ldr	r3, [r2]
 202 0006 43F01003 		orr	r3, r3, #16
 203 000a 1360     		str	r3, [r2]
 146:Drivers/STM32F3xx_HAL_Driver/Src/stm32f3xx_hal.c **** 
 204              		.loc 1 146 3 view .LVU34
 205 000c 0320     		movs	r0, #3
 206 000e FFF7FEFF 		bl	HAL_NVIC_SetPriorityGrouping
 207              	.LVL6:
 149:Drivers/STM32F3xx_HAL_Driver/Src/stm32f3xx_hal.c **** 
ARM GAS  /tmp/ccPvFzqs.s 			page 9


 208              		.loc 1 149 3 view .LVU35
 209 0012 0F20     		movs	r0, #15
 210 0014 FFF7FEFF 		bl	HAL_InitTick
 211              	.LVL7:
 152:Drivers/STM32F3xx_HAL_Driver/Src/stm32f3xx_hal.c **** 
 212              		.loc 1 152 3 view .LVU36
 213 0018 FFF7FEFF 		bl	HAL_MspInit
 214              	.LVL8:
 155:Drivers/STM32F3xx_HAL_Driver/Src/stm32f3xx_hal.c **** }
 215              		.loc 1 155 3 view .LVU37
 156:Drivers/STM32F3xx_HAL_Driver/Src/stm32f3xx_hal.c **** 
 216              		.loc 1 156 1 is_stmt 0 view .LVU38
 217 001c 0020     		movs	r0, #0
 218 001e 08BD     		pop	{r3, pc}
 219              	.L18:
 220              		.align	2
 221              	.L17:
 222 0020 00200240 		.word	1073881088
 223              		.cfi_endproc
 224              	.LFE123:
 226              		.section	.text.HAL_IncTick,"ax",%progbits
 227              		.align	1
 228              		.weak	HAL_IncTick
 229              		.syntax unified
 230              		.thumb
 231              		.thumb_func
 233              	HAL_IncTick:
 234              	.LFB128:
 241:Drivers/STM32F3xx_HAL_Driver/Src/stm32f3xx_hal.c **** 
 242:Drivers/STM32F3xx_HAL_Driver/Src/stm32f3xx_hal.c **** /**
 243:Drivers/STM32F3xx_HAL_Driver/Src/stm32f3xx_hal.c ****   * @}
 244:Drivers/STM32F3xx_HAL_Driver/Src/stm32f3xx_hal.c ****   */
 245:Drivers/STM32F3xx_HAL_Driver/Src/stm32f3xx_hal.c **** 
 246:Drivers/STM32F3xx_HAL_Driver/Src/stm32f3xx_hal.c **** /** @defgroup HAL_Exported_Functions_Group2 HAL Control functions 
 247:Drivers/STM32F3xx_HAL_Driver/Src/stm32f3xx_hal.c ****  *  @brief    HAL Control functions
 248:Drivers/STM32F3xx_HAL_Driver/Src/stm32f3xx_hal.c ****  *
 249:Drivers/STM32F3xx_HAL_Driver/Src/stm32f3xx_hal.c **** @verbatim
 250:Drivers/STM32F3xx_HAL_Driver/Src/stm32f3xx_hal.c ****  ===============================================================================
 251:Drivers/STM32F3xx_HAL_Driver/Src/stm32f3xx_hal.c ****                       ##### HAL Control functions #####
 252:Drivers/STM32F3xx_HAL_Driver/Src/stm32f3xx_hal.c ****  ===============================================================================
 253:Drivers/STM32F3xx_HAL_Driver/Src/stm32f3xx_hal.c ****     [..]  This section provides functions allowing to:
 254:Drivers/STM32F3xx_HAL_Driver/Src/stm32f3xx_hal.c ****       (+) Provide a tick value in millisecond
 255:Drivers/STM32F3xx_HAL_Driver/Src/stm32f3xx_hal.c ****       (+) Provide a blocking delay in millisecond
 256:Drivers/STM32F3xx_HAL_Driver/Src/stm32f3xx_hal.c ****       (+) Suspend the time base source interrupt
 257:Drivers/STM32F3xx_HAL_Driver/Src/stm32f3xx_hal.c ****       (+) Resume the time base source interrupt
 258:Drivers/STM32F3xx_HAL_Driver/Src/stm32f3xx_hal.c ****       (+) Get the HAL API driver version
 259:Drivers/STM32F3xx_HAL_Driver/Src/stm32f3xx_hal.c ****       (+) Get the device identifier
 260:Drivers/STM32F3xx_HAL_Driver/Src/stm32f3xx_hal.c ****       (+) Get the device revision identifier
 261:Drivers/STM32F3xx_HAL_Driver/Src/stm32f3xx_hal.c ****       (+) Enable/Disable Debug module during Sleep mode
 262:Drivers/STM32F3xx_HAL_Driver/Src/stm32f3xx_hal.c ****       (+) Enable/Disable Debug module during STOP mode
 263:Drivers/STM32F3xx_HAL_Driver/Src/stm32f3xx_hal.c ****       (+) Enable/Disable Debug module during STANDBY mode
 264:Drivers/STM32F3xx_HAL_Driver/Src/stm32f3xx_hal.c ****       
 265:Drivers/STM32F3xx_HAL_Driver/Src/stm32f3xx_hal.c **** @endverbatim
 266:Drivers/STM32F3xx_HAL_Driver/Src/stm32f3xx_hal.c ****   * @{
 267:Drivers/STM32F3xx_HAL_Driver/Src/stm32f3xx_hal.c ****   */
 268:Drivers/STM32F3xx_HAL_Driver/Src/stm32f3xx_hal.c **** 
 269:Drivers/STM32F3xx_HAL_Driver/Src/stm32f3xx_hal.c **** /**
ARM GAS  /tmp/ccPvFzqs.s 			page 10


 270:Drivers/STM32F3xx_HAL_Driver/Src/stm32f3xx_hal.c ****   * @brief  This function is called to increment  a global variable "uwTick"
 271:Drivers/STM32F3xx_HAL_Driver/Src/stm32f3xx_hal.c ****   *         used as application time base.
 272:Drivers/STM32F3xx_HAL_Driver/Src/stm32f3xx_hal.c ****   * @note In the default implementation, this variable is incremented each 1ms
 273:Drivers/STM32F3xx_HAL_Driver/Src/stm32f3xx_hal.c ****   *         in SysTick ISR.
 274:Drivers/STM32F3xx_HAL_Driver/Src/stm32f3xx_hal.c ****   * @note This function is declared as __weak to be overwritten in case of other 
 275:Drivers/STM32F3xx_HAL_Driver/Src/stm32f3xx_hal.c ****   *         implementations  in user file.
 276:Drivers/STM32F3xx_HAL_Driver/Src/stm32f3xx_hal.c ****   * @retval None
 277:Drivers/STM32F3xx_HAL_Driver/Src/stm32f3xx_hal.c ****   */
 278:Drivers/STM32F3xx_HAL_Driver/Src/stm32f3xx_hal.c **** __weak void HAL_IncTick(void)
 279:Drivers/STM32F3xx_HAL_Driver/Src/stm32f3xx_hal.c **** {
 235              		.loc 1 279 1 is_stmt 1 view -0
 236              		.cfi_startproc
 237              		@ args = 0, pretend = 0, frame = 0
 238              		@ frame_needed = 0, uses_anonymous_args = 0
 239              		@ link register save eliminated.
 280:Drivers/STM32F3xx_HAL_Driver/Src/stm32f3xx_hal.c ****   uwTick += uwTickFreq;
 240              		.loc 1 280 3 view .LVU40
 241              		.loc 1 280 10 is_stmt 0 view .LVU41
 242 0000 034A     		ldr	r2, .L20
 243 0002 1168     		ldr	r1, [r2]
 244 0004 034B     		ldr	r3, .L20+4
 245 0006 1B78     		ldrb	r3, [r3]	@ zero_extendqisi2
 246 0008 0B44     		add	r3, r3, r1
 247 000a 1360     		str	r3, [r2]
 281:Drivers/STM32F3xx_HAL_Driver/Src/stm32f3xx_hal.c **** }
 248              		.loc 1 281 1 view .LVU42
 249 000c 7047     		bx	lr
 250              	.L21:
 251 000e 00BF     		.align	2
 252              	.L20:
 253 0010 00000000 		.word	uwTick
 254 0014 00000000 		.word	uwTickFreq
 255              		.cfi_endproc
 256              	.LFE128:
 258              		.section	.text.HAL_GetTick,"ax",%progbits
 259              		.align	1
 260              		.weak	HAL_GetTick
 261              		.syntax unified
 262              		.thumb
 263              		.thumb_func
 265              	HAL_GetTick:
 266              	.LFB129:
 282:Drivers/STM32F3xx_HAL_Driver/Src/stm32f3xx_hal.c **** 
 283:Drivers/STM32F3xx_HAL_Driver/Src/stm32f3xx_hal.c **** /**
 284:Drivers/STM32F3xx_HAL_Driver/Src/stm32f3xx_hal.c ****   * @brief  Povides a tick value in millisecond.
 285:Drivers/STM32F3xx_HAL_Driver/Src/stm32f3xx_hal.c ****   * @note   The function is declared as __Weak  to be overwritten  in case of other 
 286:Drivers/STM32F3xx_HAL_Driver/Src/stm32f3xx_hal.c ****   *         implementations  in user file.
 287:Drivers/STM32F3xx_HAL_Driver/Src/stm32f3xx_hal.c ****   * @retval tick value
 288:Drivers/STM32F3xx_HAL_Driver/Src/stm32f3xx_hal.c ****   */
 289:Drivers/STM32F3xx_HAL_Driver/Src/stm32f3xx_hal.c **** __weak uint32_t HAL_GetTick(void)
 290:Drivers/STM32F3xx_HAL_Driver/Src/stm32f3xx_hal.c **** {
 267              		.loc 1 290 1 is_stmt 1 view -0
 268              		.cfi_startproc
 269              		@ args = 0, pretend = 0, frame = 0
 270              		@ frame_needed = 0, uses_anonymous_args = 0
 271              		@ link register save eliminated.
 291:Drivers/STM32F3xx_HAL_Driver/Src/stm32f3xx_hal.c ****   return uwTick;  
ARM GAS  /tmp/ccPvFzqs.s 			page 11


 272              		.loc 1 291 3 view .LVU44
 273              		.loc 1 291 10 is_stmt 0 view .LVU45
 274 0000 014B     		ldr	r3, .L23
 275 0002 1868     		ldr	r0, [r3]
 292:Drivers/STM32F3xx_HAL_Driver/Src/stm32f3xx_hal.c **** }
 276              		.loc 1 292 1 view .LVU46
 277 0004 7047     		bx	lr
 278              	.L24:
 279 0006 00BF     		.align	2
 280              	.L23:
 281 0008 00000000 		.word	uwTick
 282              		.cfi_endproc
 283              	.LFE129:
 285              		.section	.text.HAL_GetTickPrio,"ax",%progbits
 286              		.align	1
 287              		.global	HAL_GetTickPrio
 288              		.syntax unified
 289              		.thumb
 290              		.thumb_func
 292              	HAL_GetTickPrio:
 293              	.LFB130:
 293:Drivers/STM32F3xx_HAL_Driver/Src/stm32f3xx_hal.c **** 
 294:Drivers/STM32F3xx_HAL_Driver/Src/stm32f3xx_hal.c **** /**
 295:Drivers/STM32F3xx_HAL_Driver/Src/stm32f3xx_hal.c ****   * @brief This function returns a tick priority.
 296:Drivers/STM32F3xx_HAL_Driver/Src/stm32f3xx_hal.c ****   * @retval tick priority
 297:Drivers/STM32F3xx_HAL_Driver/Src/stm32f3xx_hal.c ****   */
 298:Drivers/STM32F3xx_HAL_Driver/Src/stm32f3xx_hal.c **** uint32_t HAL_GetTickPrio(void)
 299:Drivers/STM32F3xx_HAL_Driver/Src/stm32f3xx_hal.c **** {
 294              		.loc 1 299 1 is_stmt 1 view -0
 295              		.cfi_startproc
 296              		@ args = 0, pretend = 0, frame = 0
 297              		@ frame_needed = 0, uses_anonymous_args = 0
 298              		@ link register save eliminated.
 300:Drivers/STM32F3xx_HAL_Driver/Src/stm32f3xx_hal.c ****   return uwTickPrio;
 299              		.loc 1 300 3 view .LVU48
 301:Drivers/STM32F3xx_HAL_Driver/Src/stm32f3xx_hal.c **** }
 300              		.loc 1 301 1 is_stmt 0 view .LVU49
 301 0000 014B     		ldr	r3, .L26
 302 0002 1868     		ldr	r0, [r3]
 303 0004 7047     		bx	lr
 304              	.L27:
 305 0006 00BF     		.align	2
 306              	.L26:
 307 0008 00000000 		.word	uwTickPrio
 308              		.cfi_endproc
 309              	.LFE130:
 311              		.section	.text.HAL_SetTickFreq,"ax",%progbits
 312              		.align	1
 313              		.global	HAL_SetTickFreq
 314              		.syntax unified
 315              		.thumb
 316              		.thumb_func
 318              	HAL_SetTickFreq:
 319              	.LVL9:
 320              	.LFB131:
 302:Drivers/STM32F3xx_HAL_Driver/Src/stm32f3xx_hal.c **** 
 303:Drivers/STM32F3xx_HAL_Driver/Src/stm32f3xx_hal.c **** /**
ARM GAS  /tmp/ccPvFzqs.s 			page 12


 304:Drivers/STM32F3xx_HAL_Driver/Src/stm32f3xx_hal.c ****   * @brief Set new tick Freq.
 305:Drivers/STM32F3xx_HAL_Driver/Src/stm32f3xx_hal.c ****   * @retval status
 306:Drivers/STM32F3xx_HAL_Driver/Src/stm32f3xx_hal.c ****   */
 307:Drivers/STM32F3xx_HAL_Driver/Src/stm32f3xx_hal.c **** HAL_StatusTypeDef HAL_SetTickFreq(HAL_TickFreqTypeDef Freq)
 308:Drivers/STM32F3xx_HAL_Driver/Src/stm32f3xx_hal.c **** {
 321              		.loc 1 308 1 is_stmt 1 view -0
 322              		.cfi_startproc
 323              		@ args = 0, pretend = 0, frame = 0
 324              		@ frame_needed = 0, uses_anonymous_args = 0
 325              		.loc 1 308 1 is_stmt 0 view .LVU51
 326 0000 10B5     		push	{r4, lr}
 327              	.LCFI3:
 328              		.cfi_def_cfa_offset 8
 329              		.cfi_offset 4, -8
 330              		.cfi_offset 14, -4
 309:Drivers/STM32F3xx_HAL_Driver/Src/stm32f3xx_hal.c ****   HAL_StatusTypeDef status  = HAL_OK;
 331              		.loc 1 309 3 is_stmt 1 view .LVU52
 332              	.LVL10:
 310:Drivers/STM32F3xx_HAL_Driver/Src/stm32f3xx_hal.c ****   HAL_TickFreqTypeDef prevTickFreq;
 333              		.loc 1 310 3 view .LVU53
 311:Drivers/STM32F3xx_HAL_Driver/Src/stm32f3xx_hal.c **** 
 312:Drivers/STM32F3xx_HAL_Driver/Src/stm32f3xx_hal.c ****   assert_param(IS_TICKFREQ(Freq));
 334              		.loc 1 312 3 view .LVU54
 313:Drivers/STM32F3xx_HAL_Driver/Src/stm32f3xx_hal.c **** 
 314:Drivers/STM32F3xx_HAL_Driver/Src/stm32f3xx_hal.c ****   if (uwTickFreq != Freq)
 335              		.loc 1 314 3 view .LVU55
 336              		.loc 1 314 18 is_stmt 0 view .LVU56
 337 0002 084B     		ldr	r3, .L33
 338 0004 1C78     		ldrb	r4, [r3]	@ zero_extendqisi2
 339              		.loc 1 314 6 view .LVU57
 340 0006 8442     		cmp	r4, r0
 341 0008 01D1     		bne	.L32
 309:Drivers/STM32F3xx_HAL_Driver/Src/stm32f3xx_hal.c ****   HAL_TickFreqTypeDef prevTickFreq;
 342              		.loc 1 309 21 view .LVU58
 343 000a 0020     		movs	r0, #0
 344              	.LVL11:
 345              	.L29:
 315:Drivers/STM32F3xx_HAL_Driver/Src/stm32f3xx_hal.c ****   {
 316:Drivers/STM32F3xx_HAL_Driver/Src/stm32f3xx_hal.c ****     /* Back up uwTickFreq frequency */
 317:Drivers/STM32F3xx_HAL_Driver/Src/stm32f3xx_hal.c ****     prevTickFreq = uwTickFreq;
 318:Drivers/STM32F3xx_HAL_Driver/Src/stm32f3xx_hal.c **** 
 319:Drivers/STM32F3xx_HAL_Driver/Src/stm32f3xx_hal.c ****     /* Update uwTickFreq global variable used by HAL_InitTick() */
 320:Drivers/STM32F3xx_HAL_Driver/Src/stm32f3xx_hal.c ****     uwTickFreq = Freq;
 321:Drivers/STM32F3xx_HAL_Driver/Src/stm32f3xx_hal.c **** 
 322:Drivers/STM32F3xx_HAL_Driver/Src/stm32f3xx_hal.c ****     /* Apply the new tick Freq */
 323:Drivers/STM32F3xx_HAL_Driver/Src/stm32f3xx_hal.c ****     status = HAL_InitTick(uwTickPrio);
 324:Drivers/STM32F3xx_HAL_Driver/Src/stm32f3xx_hal.c **** 
 325:Drivers/STM32F3xx_HAL_Driver/Src/stm32f3xx_hal.c ****     if (status != HAL_OK)
 326:Drivers/STM32F3xx_HAL_Driver/Src/stm32f3xx_hal.c ****     {
 327:Drivers/STM32F3xx_HAL_Driver/Src/stm32f3xx_hal.c ****       /* Restore previous tick frequency */
 328:Drivers/STM32F3xx_HAL_Driver/Src/stm32f3xx_hal.c ****       uwTickFreq = prevTickFreq;
 329:Drivers/STM32F3xx_HAL_Driver/Src/stm32f3xx_hal.c ****     }
 330:Drivers/STM32F3xx_HAL_Driver/Src/stm32f3xx_hal.c ****   }
 331:Drivers/STM32F3xx_HAL_Driver/Src/stm32f3xx_hal.c **** 
 332:Drivers/STM32F3xx_HAL_Driver/Src/stm32f3xx_hal.c ****   return status;
 346              		.loc 1 332 3 is_stmt 1 view .LVU59
 333:Drivers/STM32F3xx_HAL_Driver/Src/stm32f3xx_hal.c **** }
ARM GAS  /tmp/ccPvFzqs.s 			page 13


 347              		.loc 1 333 1 is_stmt 0 view .LVU60
 348 000c 10BD     		pop	{r4, pc}
 349              	.LVL12:
 350              	.L32:
 317:Drivers/STM32F3xx_HAL_Driver/Src/stm32f3xx_hal.c **** 
 351              		.loc 1 317 5 is_stmt 1 view .LVU61
 320:Drivers/STM32F3xx_HAL_Driver/Src/stm32f3xx_hal.c **** 
 352              		.loc 1 320 5 view .LVU62
 320:Drivers/STM32F3xx_HAL_Driver/Src/stm32f3xx_hal.c **** 
 353              		.loc 1 320 16 is_stmt 0 view .LVU63
 354 000e 1870     		strb	r0, [r3]
 323:Drivers/STM32F3xx_HAL_Driver/Src/stm32f3xx_hal.c **** 
 355              		.loc 1 323 5 is_stmt 1 view .LVU64
 323:Drivers/STM32F3xx_HAL_Driver/Src/stm32f3xx_hal.c **** 
 356              		.loc 1 323 14 is_stmt 0 view .LVU65
 357 0010 054B     		ldr	r3, .L33+4
 358 0012 1868     		ldr	r0, [r3]
 359              	.LVL13:
 323:Drivers/STM32F3xx_HAL_Driver/Src/stm32f3xx_hal.c **** 
 360              		.loc 1 323 14 view .LVU66
 361 0014 FFF7FEFF 		bl	HAL_InitTick
 362              	.LVL14:
 325:Drivers/STM32F3xx_HAL_Driver/Src/stm32f3xx_hal.c ****     {
 363              		.loc 1 325 5 is_stmt 1 view .LVU67
 325:Drivers/STM32F3xx_HAL_Driver/Src/stm32f3xx_hal.c ****     {
 364              		.loc 1 325 8 is_stmt 0 view .LVU68
 365 0018 0028     		cmp	r0, #0
 366 001a F7D0     		beq	.L29
 328:Drivers/STM32F3xx_HAL_Driver/Src/stm32f3xx_hal.c ****     }
 367              		.loc 1 328 7 is_stmt 1 view .LVU69
 328:Drivers/STM32F3xx_HAL_Driver/Src/stm32f3xx_hal.c ****     }
 368              		.loc 1 328 18 is_stmt 0 view .LVU70
 369 001c 014B     		ldr	r3, .L33
 370 001e 1C70     		strb	r4, [r3]
 371 0020 F4E7     		b	.L29
 372              	.L34:
 373 0022 00BF     		.align	2
 374              	.L33:
 375 0024 00000000 		.word	uwTickFreq
 376 0028 00000000 		.word	uwTickPrio
 377              		.cfi_endproc
 378              	.LFE131:
 380              		.section	.text.HAL_GetTickFreq,"ax",%progbits
 381              		.align	1
 382              		.global	HAL_GetTickFreq
 383              		.syntax unified
 384              		.thumb
 385              		.thumb_func
 387              	HAL_GetTickFreq:
 388              	.LFB132:
 334:Drivers/STM32F3xx_HAL_Driver/Src/stm32f3xx_hal.c **** 
 335:Drivers/STM32F3xx_HAL_Driver/Src/stm32f3xx_hal.c **** /**
 336:Drivers/STM32F3xx_HAL_Driver/Src/stm32f3xx_hal.c ****   * @brief Return tick frequency.
 337:Drivers/STM32F3xx_HAL_Driver/Src/stm32f3xx_hal.c ****   * @retval tick period in Hz
 338:Drivers/STM32F3xx_HAL_Driver/Src/stm32f3xx_hal.c ****   */
 339:Drivers/STM32F3xx_HAL_Driver/Src/stm32f3xx_hal.c **** HAL_TickFreqTypeDef HAL_GetTickFreq(void)
 340:Drivers/STM32F3xx_HAL_Driver/Src/stm32f3xx_hal.c **** {
ARM GAS  /tmp/ccPvFzqs.s 			page 14


 389              		.loc 1 340 1 is_stmt 1 view -0
 390              		.cfi_startproc
 391              		@ args = 0, pretend = 0, frame = 0
 392              		@ frame_needed = 0, uses_anonymous_args = 0
 393              		@ link register save eliminated.
 341:Drivers/STM32F3xx_HAL_Driver/Src/stm32f3xx_hal.c ****   return uwTickFreq;
 394              		.loc 1 341 3 view .LVU72
 342:Drivers/STM32F3xx_HAL_Driver/Src/stm32f3xx_hal.c **** }
 395              		.loc 1 342 1 is_stmt 0 view .LVU73
 396 0000 014B     		ldr	r3, .L36
 397 0002 1878     		ldrb	r0, [r3]	@ zero_extendqisi2
 398 0004 7047     		bx	lr
 399              	.L37:
 400 0006 00BF     		.align	2
 401              	.L36:
 402 0008 00000000 		.word	uwTickFreq
 403              		.cfi_endproc
 404              	.LFE132:
 406              		.section	.text.HAL_Delay,"ax",%progbits
 407              		.align	1
 408              		.weak	HAL_Delay
 409              		.syntax unified
 410              		.thumb
 411              		.thumb_func
 413              	HAL_Delay:
 414              	.LVL15:
 415              	.LFB133:
 343:Drivers/STM32F3xx_HAL_Driver/Src/stm32f3xx_hal.c **** 
 344:Drivers/STM32F3xx_HAL_Driver/Src/stm32f3xx_hal.c **** /**
 345:Drivers/STM32F3xx_HAL_Driver/Src/stm32f3xx_hal.c ****   * @brief  This function provides accurate delay (in milliseconds) based 
 346:Drivers/STM32F3xx_HAL_Driver/Src/stm32f3xx_hal.c ****   *         on variable incremented.
 347:Drivers/STM32F3xx_HAL_Driver/Src/stm32f3xx_hal.c ****   * @note   In the default implementation , SysTick timer is the source of time base. 
 348:Drivers/STM32F3xx_HAL_Driver/Src/stm32f3xx_hal.c ****   *         It is used to generate interrupts at regular time intervals where uwTick
 349:Drivers/STM32F3xx_HAL_Driver/Src/stm32f3xx_hal.c ****   *         is incremented.
 350:Drivers/STM32F3xx_HAL_Driver/Src/stm32f3xx_hal.c ****   *         The function is declared as __Weak  to be overwritten  in case of other
 351:Drivers/STM32F3xx_HAL_Driver/Src/stm32f3xx_hal.c ****   *         implementations  in user file.
 352:Drivers/STM32F3xx_HAL_Driver/Src/stm32f3xx_hal.c ****   * @param  Delay specifies the delay time length, in milliseconds.
 353:Drivers/STM32F3xx_HAL_Driver/Src/stm32f3xx_hal.c ****   * @retval None
 354:Drivers/STM32F3xx_HAL_Driver/Src/stm32f3xx_hal.c ****   */
 355:Drivers/STM32F3xx_HAL_Driver/Src/stm32f3xx_hal.c **** __weak void HAL_Delay(uint32_t Delay)
 356:Drivers/STM32F3xx_HAL_Driver/Src/stm32f3xx_hal.c **** {
 416              		.loc 1 356 1 is_stmt 1 view -0
 417              		.cfi_startproc
 418              		@ args = 0, pretend = 0, frame = 0
 419              		@ frame_needed = 0, uses_anonymous_args = 0
 420              		.loc 1 356 1 is_stmt 0 view .LVU75
 421 0000 38B5     		push	{r3, r4, r5, lr}
 422              	.LCFI4:
 423              		.cfi_def_cfa_offset 16
 424              		.cfi_offset 3, -16
 425              		.cfi_offset 4, -12
 426              		.cfi_offset 5, -8
 427              		.cfi_offset 14, -4
 428 0002 0446     		mov	r4, r0
 357:Drivers/STM32F3xx_HAL_Driver/Src/stm32f3xx_hal.c ****   uint32_t tickstart = HAL_GetTick();
 429              		.loc 1 357 3 is_stmt 1 view .LVU76
 430              		.loc 1 357 24 is_stmt 0 view .LVU77
ARM GAS  /tmp/ccPvFzqs.s 			page 15


 431 0004 FFF7FEFF 		bl	HAL_GetTick
 432              	.LVL16:
 433              		.loc 1 357 24 view .LVU78
 434 0008 0546     		mov	r5, r0
 435              	.LVL17:
 358:Drivers/STM32F3xx_HAL_Driver/Src/stm32f3xx_hal.c ****   uint32_t wait = Delay;
 436              		.loc 1 358 3 is_stmt 1 view .LVU79
 359:Drivers/STM32F3xx_HAL_Driver/Src/stm32f3xx_hal.c ****   
 360:Drivers/STM32F3xx_HAL_Driver/Src/stm32f3xx_hal.c ****   /* Add freq to guarantee minimum wait */
 361:Drivers/STM32F3xx_HAL_Driver/Src/stm32f3xx_hal.c ****   if (wait < HAL_MAX_DELAY)
 437              		.loc 1 361 3 view .LVU80
 438              		.loc 1 361 6 is_stmt 0 view .LVU81
 439 000a B4F1FF3F 		cmp	r4, #-1
 440 000e 02D0     		beq	.L40
 362:Drivers/STM32F3xx_HAL_Driver/Src/stm32f3xx_hal.c ****   {
 363:Drivers/STM32F3xx_HAL_Driver/Src/stm32f3xx_hal.c ****     wait += (uint32_t)(uwTickFreq);
 441              		.loc 1 363 5 is_stmt 1 view .LVU82
 442              		.loc 1 363 13 is_stmt 0 view .LVU83
 443 0010 044B     		ldr	r3, .L42
 444 0012 1B78     		ldrb	r3, [r3]	@ zero_extendqisi2
 445              		.loc 1 363 10 view .LVU84
 446 0014 1C44     		add	r4, r4, r3
 447              	.LVL18:
 448              	.L40:
 364:Drivers/STM32F3xx_HAL_Driver/Src/stm32f3xx_hal.c ****   }
 365:Drivers/STM32F3xx_HAL_Driver/Src/stm32f3xx_hal.c ****   
 366:Drivers/STM32F3xx_HAL_Driver/Src/stm32f3xx_hal.c ****   while((HAL_GetTick() - tickstart) < wait)
 367:Drivers/STM32F3xx_HAL_Driver/Src/stm32f3xx_hal.c ****   {
 368:Drivers/STM32F3xx_HAL_Driver/Src/stm32f3xx_hal.c ****   }
 449              		.loc 1 368 3 is_stmt 1 discriminator 1 view .LVU85
 366:Drivers/STM32F3xx_HAL_Driver/Src/stm32f3xx_hal.c ****   {
 450              		.loc 1 366 37 discriminator 1 view .LVU86
 366:Drivers/STM32F3xx_HAL_Driver/Src/stm32f3xx_hal.c ****   {
 451              		.loc 1 366 10 is_stmt 0 discriminator 1 view .LVU87
 452 0016 FFF7FEFF 		bl	HAL_GetTick
 453              	.LVL19:
 366:Drivers/STM32F3xx_HAL_Driver/Src/stm32f3xx_hal.c ****   {
 454              		.loc 1 366 24 discriminator 1 view .LVU88
 455 001a 401B     		subs	r0, r0, r5
 366:Drivers/STM32F3xx_HAL_Driver/Src/stm32f3xx_hal.c ****   {
 456              		.loc 1 366 37 discriminator 1 view .LVU89
 457 001c A042     		cmp	r0, r4
 458 001e FAD3     		bcc	.L40
 369:Drivers/STM32F3xx_HAL_Driver/Src/stm32f3xx_hal.c **** }
 459              		.loc 1 369 1 view .LVU90
 460 0020 38BD     		pop	{r3, r4, r5, pc}
 461              	.LVL20:
 462              	.L43:
 463              		.loc 1 369 1 view .LVU91
 464 0022 00BF     		.align	2
 465              	.L42:
 466 0024 00000000 		.word	uwTickFreq
 467              		.cfi_endproc
 468              	.LFE133:
 470              		.section	.text.HAL_SuspendTick,"ax",%progbits
 471              		.align	1
 472              		.weak	HAL_SuspendTick
ARM GAS  /tmp/ccPvFzqs.s 			page 16


 473              		.syntax unified
 474              		.thumb
 475              		.thumb_func
 477              	HAL_SuspendTick:
 478              	.LFB134:
 370:Drivers/STM32F3xx_HAL_Driver/Src/stm32f3xx_hal.c **** 
 371:Drivers/STM32F3xx_HAL_Driver/Src/stm32f3xx_hal.c **** /**
 372:Drivers/STM32F3xx_HAL_Driver/Src/stm32f3xx_hal.c ****   * @brief  Suspend Tick increment.
 373:Drivers/STM32F3xx_HAL_Driver/Src/stm32f3xx_hal.c ****   * @note   In the default implementation , SysTick timer is the source of time base. It is  
 374:Drivers/STM32F3xx_HAL_Driver/Src/stm32f3xx_hal.c ****   *         used to generate interrupts at regular time intervals. Once HAL_SuspendTick()
 375:Drivers/STM32F3xx_HAL_Driver/Src/stm32f3xx_hal.c ****   *         is called, the the SysTick interrupt will be disabled and so Tick increment 
 376:Drivers/STM32F3xx_HAL_Driver/Src/stm32f3xx_hal.c ****   *         is suspended.
 377:Drivers/STM32F3xx_HAL_Driver/Src/stm32f3xx_hal.c ****   * @note This function is declared as __weak to be overwritten in case of other
 378:Drivers/STM32F3xx_HAL_Driver/Src/stm32f3xx_hal.c ****   *         implementations  in user file.
 379:Drivers/STM32F3xx_HAL_Driver/Src/stm32f3xx_hal.c ****   * @retval None
 380:Drivers/STM32F3xx_HAL_Driver/Src/stm32f3xx_hal.c ****   */
 381:Drivers/STM32F3xx_HAL_Driver/Src/stm32f3xx_hal.c **** __weak void HAL_SuspendTick(void)
 382:Drivers/STM32F3xx_HAL_Driver/Src/stm32f3xx_hal.c **** 
 383:Drivers/STM32F3xx_HAL_Driver/Src/stm32f3xx_hal.c **** {
 479              		.loc 1 383 1 is_stmt 1 view -0
 480              		.cfi_startproc
 481              		@ args = 0, pretend = 0, frame = 0
 482              		@ frame_needed = 0, uses_anonymous_args = 0
 483              		@ link register save eliminated.
 384:Drivers/STM32F3xx_HAL_Driver/Src/stm32f3xx_hal.c ****   /* Disable SysTick Interrupt */
 385:Drivers/STM32F3xx_HAL_Driver/Src/stm32f3xx_hal.c ****   SysTick->CTRL &= ~SysTick_CTRL_TICKINT_Msk;
 484              		.loc 1 385 3 view .LVU93
 485              		.loc 1 385 10 is_stmt 0 view .LVU94
 486 0000 4FF0E022 		mov	r2, #-536813568
 487 0004 1369     		ldr	r3, [r2, #16]
 488              		.loc 1 385 17 view .LVU95
 489 0006 23F00203 		bic	r3, r3, #2
 490 000a 1361     		str	r3, [r2, #16]
 386:Drivers/STM32F3xx_HAL_Driver/Src/stm32f3xx_hal.c ****                                                    
 387:Drivers/STM32F3xx_HAL_Driver/Src/stm32f3xx_hal.c **** }
 491              		.loc 1 387 1 view .LVU96
 492 000c 7047     		bx	lr
 493              		.cfi_endproc
 494              	.LFE134:
 496              		.section	.text.HAL_ResumeTick,"ax",%progbits
 497              		.align	1
 498              		.weak	HAL_ResumeTick
 499              		.syntax unified
 500              		.thumb
 501              		.thumb_func
 503              	HAL_ResumeTick:
 504              	.LFB135:
 388:Drivers/STM32F3xx_HAL_Driver/Src/stm32f3xx_hal.c **** 
 389:Drivers/STM32F3xx_HAL_Driver/Src/stm32f3xx_hal.c **** /**
 390:Drivers/STM32F3xx_HAL_Driver/Src/stm32f3xx_hal.c ****   * @brief  Resume Tick increment.
 391:Drivers/STM32F3xx_HAL_Driver/Src/stm32f3xx_hal.c ****   * @note   In the default implementation , SysTick timer is the source of time base. It is  
 392:Drivers/STM32F3xx_HAL_Driver/Src/stm32f3xx_hal.c ****   *         used to generate interrupts at regular time intervals. Once HAL_ResumeTick()
 393:Drivers/STM32F3xx_HAL_Driver/Src/stm32f3xx_hal.c ****   *         is called, the the SysTick interrupt will be enabled and so Tick increment 
 394:Drivers/STM32F3xx_HAL_Driver/Src/stm32f3xx_hal.c ****   *         is resumed.
 395:Drivers/STM32F3xx_HAL_Driver/Src/stm32f3xx_hal.c ****   *         The function is declared as __Weak  to be overwritten  in case of other
 396:Drivers/STM32F3xx_HAL_Driver/Src/stm32f3xx_hal.c ****   *         implementations  in user file.
 397:Drivers/STM32F3xx_HAL_Driver/Src/stm32f3xx_hal.c ****   * @retval None
ARM GAS  /tmp/ccPvFzqs.s 			page 17


 398:Drivers/STM32F3xx_HAL_Driver/Src/stm32f3xx_hal.c ****   */
 399:Drivers/STM32F3xx_HAL_Driver/Src/stm32f3xx_hal.c **** __weak void HAL_ResumeTick(void)
 400:Drivers/STM32F3xx_HAL_Driver/Src/stm32f3xx_hal.c **** {
 505              		.loc 1 400 1 is_stmt 1 view -0
 506              		.cfi_startproc
 507              		@ args = 0, pretend = 0, frame = 0
 508              		@ frame_needed = 0, uses_anonymous_args = 0
 509              		@ link register save eliminated.
 401:Drivers/STM32F3xx_HAL_Driver/Src/stm32f3xx_hal.c ****   /* Enable SysTick Interrupt */
 402:Drivers/STM32F3xx_HAL_Driver/Src/stm32f3xx_hal.c ****   SysTick->CTRL  |= SysTick_CTRL_TICKINT_Msk;
 510              		.loc 1 402 3 view .LVU98
 511              		.loc 1 402 10 is_stmt 0 view .LVU99
 512 0000 4FF0E022 		mov	r2, #-536813568
 513 0004 1369     		ldr	r3, [r2, #16]
 514              		.loc 1 402 18 view .LVU100
 515 0006 43F00203 		orr	r3, r3, #2
 516 000a 1361     		str	r3, [r2, #16]
 403:Drivers/STM32F3xx_HAL_Driver/Src/stm32f3xx_hal.c ****   
 404:Drivers/STM32F3xx_HAL_Driver/Src/stm32f3xx_hal.c **** }
 517              		.loc 1 404 1 view .LVU101
 518 000c 7047     		bx	lr
 519              		.cfi_endproc
 520              	.LFE135:
 522              		.section	.text.HAL_GetHalVersion,"ax",%progbits
 523              		.align	1
 524              		.global	HAL_GetHalVersion
 525              		.syntax unified
 526              		.thumb
 527              		.thumb_func
 529              	HAL_GetHalVersion:
 530              	.LFB136:
 405:Drivers/STM32F3xx_HAL_Driver/Src/stm32f3xx_hal.c **** 
 406:Drivers/STM32F3xx_HAL_Driver/Src/stm32f3xx_hal.c **** /**
 407:Drivers/STM32F3xx_HAL_Driver/Src/stm32f3xx_hal.c ****   * @brief  This function returns the HAL revision
 408:Drivers/STM32F3xx_HAL_Driver/Src/stm32f3xx_hal.c ****   * @retval version 0xXYZR (8bits for each decimal, R for RC)
 409:Drivers/STM32F3xx_HAL_Driver/Src/stm32f3xx_hal.c ****   */
 410:Drivers/STM32F3xx_HAL_Driver/Src/stm32f3xx_hal.c **** uint32_t HAL_GetHalVersion(void)
 411:Drivers/STM32F3xx_HAL_Driver/Src/stm32f3xx_hal.c **** {
 531              		.loc 1 411 1 is_stmt 1 view -0
 532              		.cfi_startproc
 533              		@ args = 0, pretend = 0, frame = 0
 534              		@ frame_needed = 0, uses_anonymous_args = 0
 535              		@ link register save eliminated.
 412:Drivers/STM32F3xx_HAL_Driver/Src/stm32f3xx_hal.c ****  return __STM32F3xx_HAL_VERSION;
 536              		.loc 1 412 2 view .LVU103
 413:Drivers/STM32F3xx_HAL_Driver/Src/stm32f3xx_hal.c **** }
 537              		.loc 1 413 1 is_stmt 0 view .LVU104
 538 0000 0048     		ldr	r0, .L47
 539 0002 7047     		bx	lr
 540              	.L48:
 541              		.align	2
 542              	.L47:
 543 0004 00060501 		.word	17106432
 544              		.cfi_endproc
 545              	.LFE136:
 547              		.section	.text.HAL_GetREVID,"ax",%progbits
 548              		.align	1
ARM GAS  /tmp/ccPvFzqs.s 			page 18


 549              		.global	HAL_GetREVID
 550              		.syntax unified
 551              		.thumb
 552              		.thumb_func
 554              	HAL_GetREVID:
 555              	.LFB137:
 414:Drivers/STM32F3xx_HAL_Driver/Src/stm32f3xx_hal.c **** 
 415:Drivers/STM32F3xx_HAL_Driver/Src/stm32f3xx_hal.c **** /**
 416:Drivers/STM32F3xx_HAL_Driver/Src/stm32f3xx_hal.c ****   * @brief  Returns the device revision identifier.
 417:Drivers/STM32F3xx_HAL_Driver/Src/stm32f3xx_hal.c ****   * @retval Device revision identifier
 418:Drivers/STM32F3xx_HAL_Driver/Src/stm32f3xx_hal.c ****   */
 419:Drivers/STM32F3xx_HAL_Driver/Src/stm32f3xx_hal.c **** uint32_t HAL_GetREVID(void)
 420:Drivers/STM32F3xx_HAL_Driver/Src/stm32f3xx_hal.c **** {
 556              		.loc 1 420 1 is_stmt 1 view -0
 557              		.cfi_startproc
 558              		@ args = 0, pretend = 0, frame = 0
 559              		@ frame_needed = 0, uses_anonymous_args = 0
 560              		@ link register save eliminated.
 421:Drivers/STM32F3xx_HAL_Driver/Src/stm32f3xx_hal.c ****   return((DBGMCU->IDCODE) >> 16U);
 561              		.loc 1 421 3 view .LVU106
 562              		.loc 1 421 17 is_stmt 0 view .LVU107
 563 0000 014B     		ldr	r3, .L50
 564 0002 1868     		ldr	r0, [r3]
 422:Drivers/STM32F3xx_HAL_Driver/Src/stm32f3xx_hal.c **** }
 565              		.loc 1 422 1 view .LVU108
 566 0004 000C     		lsrs	r0, r0, #16
 567 0006 7047     		bx	lr
 568              	.L51:
 569              		.align	2
 570              	.L50:
 571 0008 002004E0 		.word	-536600576
 572              		.cfi_endproc
 573              	.LFE137:
 575              		.section	.text.HAL_GetDEVID,"ax",%progbits
 576              		.align	1
 577              		.global	HAL_GetDEVID
 578              		.syntax unified
 579              		.thumb
 580              		.thumb_func
 582              	HAL_GetDEVID:
 583              	.LFB138:
 423:Drivers/STM32F3xx_HAL_Driver/Src/stm32f3xx_hal.c **** 
 424:Drivers/STM32F3xx_HAL_Driver/Src/stm32f3xx_hal.c **** /**
 425:Drivers/STM32F3xx_HAL_Driver/Src/stm32f3xx_hal.c ****   * @brief  Returns the device identifier.
 426:Drivers/STM32F3xx_HAL_Driver/Src/stm32f3xx_hal.c ****   * @retval Device identifier
 427:Drivers/STM32F3xx_HAL_Driver/Src/stm32f3xx_hal.c ****   */
 428:Drivers/STM32F3xx_HAL_Driver/Src/stm32f3xx_hal.c **** uint32_t HAL_GetDEVID(void)
 429:Drivers/STM32F3xx_HAL_Driver/Src/stm32f3xx_hal.c **** {
 584              		.loc 1 429 1 is_stmt 1 view -0
 585              		.cfi_startproc
 586              		@ args = 0, pretend = 0, frame = 0
 587              		@ frame_needed = 0, uses_anonymous_args = 0
 588              		@ link register save eliminated.
 430:Drivers/STM32F3xx_HAL_Driver/Src/stm32f3xx_hal.c ****   return((DBGMCU->IDCODE) & IDCODE_DEVID_MASK);
 589              		.loc 1 430 3 view .LVU110
 590              		.loc 1 430 17 is_stmt 0 view .LVU111
 591 0000 024B     		ldr	r3, .L53
ARM GAS  /tmp/ccPvFzqs.s 			page 19


 592 0002 1868     		ldr	r0, [r3]
 431:Drivers/STM32F3xx_HAL_Driver/Src/stm32f3xx_hal.c **** }
 593              		.loc 1 431 1 view .LVU112
 594 0004 C0F30B00 		ubfx	r0, r0, #0, #12
 595 0008 7047     		bx	lr
 596              	.L54:
 597 000a 00BF     		.align	2
 598              	.L53:
 599 000c 002004E0 		.word	-536600576
 600              		.cfi_endproc
 601              	.LFE138:
 603              		.section	.text.HAL_GetUIDw0,"ax",%progbits
 604              		.align	1
 605              		.global	HAL_GetUIDw0
 606              		.syntax unified
 607              		.thumb
 608              		.thumb_func
 610              	HAL_GetUIDw0:
 611              	.LFB139:
 432:Drivers/STM32F3xx_HAL_Driver/Src/stm32f3xx_hal.c **** 
 433:Drivers/STM32F3xx_HAL_Driver/Src/stm32f3xx_hal.c **** /**
 434:Drivers/STM32F3xx_HAL_Driver/Src/stm32f3xx_hal.c ****   * @brief  Returns first word of the unique device identifier (UID based on 96 bits)
 435:Drivers/STM32F3xx_HAL_Driver/Src/stm32f3xx_hal.c ****   * @retval Device identifier
 436:Drivers/STM32F3xx_HAL_Driver/Src/stm32f3xx_hal.c ****   */
 437:Drivers/STM32F3xx_HAL_Driver/Src/stm32f3xx_hal.c **** uint32_t HAL_GetUIDw0(void)
 438:Drivers/STM32F3xx_HAL_Driver/Src/stm32f3xx_hal.c **** {
 612              		.loc 1 438 1 is_stmt 1 view -0
 613              		.cfi_startproc
 614              		@ args = 0, pretend = 0, frame = 0
 615              		@ frame_needed = 0, uses_anonymous_args = 0
 616              		@ link register save eliminated.
 439:Drivers/STM32F3xx_HAL_Driver/Src/stm32f3xx_hal.c ****    return(READ_REG(*((uint32_t *)UID_BASE)));
 617              		.loc 1 439 4 view .LVU114
 440:Drivers/STM32F3xx_HAL_Driver/Src/stm32f3xx_hal.c **** }
 618              		.loc 1 440 1 is_stmt 0 view .LVU115
 619 0000 014B     		ldr	r3, .L56
 620 0002 D3F8AC07 		ldr	r0, [r3, #1964]
 621 0006 7047     		bx	lr
 622              	.L57:
 623              		.align	2
 624              	.L56:
 625 0008 00F0FF1F 		.word	536866816
 626              		.cfi_endproc
 627              	.LFE139:
 629              		.section	.text.HAL_GetUIDw1,"ax",%progbits
 630              		.align	1
 631              		.global	HAL_GetUIDw1
 632              		.syntax unified
 633              		.thumb
 634              		.thumb_func
 636              	HAL_GetUIDw1:
 637              	.LFB140:
 441:Drivers/STM32F3xx_HAL_Driver/Src/stm32f3xx_hal.c **** 
 442:Drivers/STM32F3xx_HAL_Driver/Src/stm32f3xx_hal.c **** /**
 443:Drivers/STM32F3xx_HAL_Driver/Src/stm32f3xx_hal.c ****   * @brief  Returns second word of the unique device identifier (UID based on 96 bits)
 444:Drivers/STM32F3xx_HAL_Driver/Src/stm32f3xx_hal.c ****   * @retval Device identifier
 445:Drivers/STM32F3xx_HAL_Driver/Src/stm32f3xx_hal.c ****   */
ARM GAS  /tmp/ccPvFzqs.s 			page 20


 446:Drivers/STM32F3xx_HAL_Driver/Src/stm32f3xx_hal.c **** uint32_t HAL_GetUIDw1(void)
 447:Drivers/STM32F3xx_HAL_Driver/Src/stm32f3xx_hal.c **** {
 638              		.loc 1 447 1 is_stmt 1 view -0
 639              		.cfi_startproc
 640              		@ args = 0, pretend = 0, frame = 0
 641              		@ frame_needed = 0, uses_anonymous_args = 0
 642              		@ link register save eliminated.
 448:Drivers/STM32F3xx_HAL_Driver/Src/stm32f3xx_hal.c ****    return(READ_REG(*((uint32_t *)(UID_BASE + 4U))));
 643              		.loc 1 448 4 view .LVU117
 449:Drivers/STM32F3xx_HAL_Driver/Src/stm32f3xx_hal.c **** }
 644              		.loc 1 449 1 is_stmt 0 view .LVU118
 645 0000 014B     		ldr	r3, .L59
 646 0002 D3F8B007 		ldr	r0, [r3, #1968]
 647 0006 7047     		bx	lr
 648              	.L60:
 649              		.align	2
 650              	.L59:
 651 0008 00F0FF1F 		.word	536866816
 652              		.cfi_endproc
 653              	.LFE140:
 655              		.section	.text.HAL_GetUIDw2,"ax",%progbits
 656              		.align	1
 657              		.global	HAL_GetUIDw2
 658              		.syntax unified
 659              		.thumb
 660              		.thumb_func
 662              	HAL_GetUIDw2:
 663              	.LFB141:
 450:Drivers/STM32F3xx_HAL_Driver/Src/stm32f3xx_hal.c **** 
 451:Drivers/STM32F3xx_HAL_Driver/Src/stm32f3xx_hal.c **** /**
 452:Drivers/STM32F3xx_HAL_Driver/Src/stm32f3xx_hal.c ****   * @brief  Returns third word of the unique device identifier (UID based on 96 bits)
 453:Drivers/STM32F3xx_HAL_Driver/Src/stm32f3xx_hal.c ****   * @retval Device identifier
 454:Drivers/STM32F3xx_HAL_Driver/Src/stm32f3xx_hal.c ****   */
 455:Drivers/STM32F3xx_HAL_Driver/Src/stm32f3xx_hal.c **** uint32_t HAL_GetUIDw2(void)
 456:Drivers/STM32F3xx_HAL_Driver/Src/stm32f3xx_hal.c **** {
 664              		.loc 1 456 1 is_stmt 1 view -0
 665              		.cfi_startproc
 666              		@ args = 0, pretend = 0, frame = 0
 667              		@ frame_needed = 0, uses_anonymous_args = 0
 668              		@ link register save eliminated.
 457:Drivers/STM32F3xx_HAL_Driver/Src/stm32f3xx_hal.c ****    return(READ_REG(*((uint32_t *)(UID_BASE + 8U))));
 669              		.loc 1 457 4 view .LVU120
 458:Drivers/STM32F3xx_HAL_Driver/Src/stm32f3xx_hal.c **** }
 670              		.loc 1 458 1 is_stmt 0 view .LVU121
 671 0000 014B     		ldr	r3, .L62
 672 0002 D3F8B407 		ldr	r0, [r3, #1972]
 673 0006 7047     		bx	lr
 674              	.L63:
 675              		.align	2
 676              	.L62:
 677 0008 00F0FF1F 		.word	536866816
 678              		.cfi_endproc
 679              	.LFE141:
 681              		.section	.text.HAL_DBGMCU_EnableDBGSleepMode,"ax",%progbits
 682              		.align	1
 683              		.global	HAL_DBGMCU_EnableDBGSleepMode
 684              		.syntax unified
ARM GAS  /tmp/ccPvFzqs.s 			page 21


 685              		.thumb
 686              		.thumb_func
 688              	HAL_DBGMCU_EnableDBGSleepMode:
 689              	.LFB142:
 459:Drivers/STM32F3xx_HAL_Driver/Src/stm32f3xx_hal.c **** 
 460:Drivers/STM32F3xx_HAL_Driver/Src/stm32f3xx_hal.c **** /**
 461:Drivers/STM32F3xx_HAL_Driver/Src/stm32f3xx_hal.c ****   * @brief  Enable the Debug Module during SLEEP mode
 462:Drivers/STM32F3xx_HAL_Driver/Src/stm32f3xx_hal.c ****   * @retval None
 463:Drivers/STM32F3xx_HAL_Driver/Src/stm32f3xx_hal.c ****   */
 464:Drivers/STM32F3xx_HAL_Driver/Src/stm32f3xx_hal.c **** void HAL_DBGMCU_EnableDBGSleepMode(void)
 465:Drivers/STM32F3xx_HAL_Driver/Src/stm32f3xx_hal.c **** {
 690              		.loc 1 465 1 is_stmt 1 view -0
 691              		.cfi_startproc
 692              		@ args = 0, pretend = 0, frame = 0
 693              		@ frame_needed = 0, uses_anonymous_args = 0
 694              		@ link register save eliminated.
 466:Drivers/STM32F3xx_HAL_Driver/Src/stm32f3xx_hal.c ****   SET_BIT(DBGMCU->CR, DBGMCU_CR_DBG_SLEEP);
 695              		.loc 1 466 3 view .LVU123
 696 0000 024A     		ldr	r2, .L65
 697 0002 5368     		ldr	r3, [r2, #4]
 698 0004 43F00103 		orr	r3, r3, #1
 699 0008 5360     		str	r3, [r2, #4]
 467:Drivers/STM32F3xx_HAL_Driver/Src/stm32f3xx_hal.c **** }
 700              		.loc 1 467 1 is_stmt 0 view .LVU124
 701 000a 7047     		bx	lr
 702              	.L66:
 703              		.align	2
 704              	.L65:
 705 000c 002004E0 		.word	-536600576
 706              		.cfi_endproc
 707              	.LFE142:
 709              		.section	.text.HAL_DBGMCU_DisableDBGSleepMode,"ax",%progbits
 710              		.align	1
 711              		.global	HAL_DBGMCU_DisableDBGSleepMode
 712              		.syntax unified
 713              		.thumb
 714              		.thumb_func
 716              	HAL_DBGMCU_DisableDBGSleepMode:
 717              	.LFB143:
 468:Drivers/STM32F3xx_HAL_Driver/Src/stm32f3xx_hal.c **** 
 469:Drivers/STM32F3xx_HAL_Driver/Src/stm32f3xx_hal.c **** /**
 470:Drivers/STM32F3xx_HAL_Driver/Src/stm32f3xx_hal.c ****   * @brief  Disable the Debug Module during SLEEP mode
 471:Drivers/STM32F3xx_HAL_Driver/Src/stm32f3xx_hal.c ****   * @retval None
 472:Drivers/STM32F3xx_HAL_Driver/Src/stm32f3xx_hal.c ****   */
 473:Drivers/STM32F3xx_HAL_Driver/Src/stm32f3xx_hal.c **** void HAL_DBGMCU_DisableDBGSleepMode(void)
 474:Drivers/STM32F3xx_HAL_Driver/Src/stm32f3xx_hal.c **** {
 718              		.loc 1 474 1 is_stmt 1 view -0
 719              		.cfi_startproc
 720              		@ args = 0, pretend = 0, frame = 0
 721              		@ frame_needed = 0, uses_anonymous_args = 0
 722              		@ link register save eliminated.
 475:Drivers/STM32F3xx_HAL_Driver/Src/stm32f3xx_hal.c ****   CLEAR_BIT(DBGMCU->CR, DBGMCU_CR_DBG_SLEEP);
 723              		.loc 1 475 3 view .LVU126
 724 0000 024A     		ldr	r2, .L68
 725 0002 5368     		ldr	r3, [r2, #4]
 726 0004 23F00103 		bic	r3, r3, #1
 727 0008 5360     		str	r3, [r2, #4]
ARM GAS  /tmp/ccPvFzqs.s 			page 22


 476:Drivers/STM32F3xx_HAL_Driver/Src/stm32f3xx_hal.c **** }
 728              		.loc 1 476 1 is_stmt 0 view .LVU127
 729 000a 7047     		bx	lr
 730              	.L69:
 731              		.align	2
 732              	.L68:
 733 000c 002004E0 		.word	-536600576
 734              		.cfi_endproc
 735              	.LFE143:
 737              		.section	.text.HAL_DBGMCU_EnableDBGStopMode,"ax",%progbits
 738              		.align	1
 739              		.global	HAL_DBGMCU_EnableDBGStopMode
 740              		.syntax unified
 741              		.thumb
 742              		.thumb_func
 744              	HAL_DBGMCU_EnableDBGStopMode:
 745              	.LFB144:
 477:Drivers/STM32F3xx_HAL_Driver/Src/stm32f3xx_hal.c **** 
 478:Drivers/STM32F3xx_HAL_Driver/Src/stm32f3xx_hal.c **** /**
 479:Drivers/STM32F3xx_HAL_Driver/Src/stm32f3xx_hal.c ****   * @brief  Enable the Debug Module during STOP mode
 480:Drivers/STM32F3xx_HAL_Driver/Src/stm32f3xx_hal.c ****   * @retval None
 481:Drivers/STM32F3xx_HAL_Driver/Src/stm32f3xx_hal.c ****   */
 482:Drivers/STM32F3xx_HAL_Driver/Src/stm32f3xx_hal.c **** void HAL_DBGMCU_EnableDBGStopMode(void)
 483:Drivers/STM32F3xx_HAL_Driver/Src/stm32f3xx_hal.c **** {
 746              		.loc 1 483 1 is_stmt 1 view -0
 747              		.cfi_startproc
 748              		@ args = 0, pretend = 0, frame = 0
 749              		@ frame_needed = 0, uses_anonymous_args = 0
 750              		@ link register save eliminated.
 484:Drivers/STM32F3xx_HAL_Driver/Src/stm32f3xx_hal.c ****   SET_BIT(DBGMCU->CR, DBGMCU_CR_DBG_STOP);
 751              		.loc 1 484 3 view .LVU129
 752 0000 024A     		ldr	r2, .L71
 753 0002 5368     		ldr	r3, [r2, #4]
 754 0004 43F00203 		orr	r3, r3, #2
 755 0008 5360     		str	r3, [r2, #4]
 485:Drivers/STM32F3xx_HAL_Driver/Src/stm32f3xx_hal.c **** }
 756              		.loc 1 485 1 is_stmt 0 view .LVU130
 757 000a 7047     		bx	lr
 758              	.L72:
 759              		.align	2
 760              	.L71:
 761 000c 002004E0 		.word	-536600576
 762              		.cfi_endproc
 763              	.LFE144:
 765              		.section	.text.HAL_DBGMCU_DisableDBGStopMode,"ax",%progbits
 766              		.align	1
 767              		.global	HAL_DBGMCU_DisableDBGStopMode
 768              		.syntax unified
 769              		.thumb
 770              		.thumb_func
 772              	HAL_DBGMCU_DisableDBGStopMode:
 773              	.LFB145:
 486:Drivers/STM32F3xx_HAL_Driver/Src/stm32f3xx_hal.c **** 
 487:Drivers/STM32F3xx_HAL_Driver/Src/stm32f3xx_hal.c **** /**
 488:Drivers/STM32F3xx_HAL_Driver/Src/stm32f3xx_hal.c ****   * @brief  Disable the Debug Module during STOP mode
 489:Drivers/STM32F3xx_HAL_Driver/Src/stm32f3xx_hal.c ****   * @retval None
 490:Drivers/STM32F3xx_HAL_Driver/Src/stm32f3xx_hal.c ****   */
ARM GAS  /tmp/ccPvFzqs.s 			page 23


 491:Drivers/STM32F3xx_HAL_Driver/Src/stm32f3xx_hal.c **** void HAL_DBGMCU_DisableDBGStopMode(void)
 492:Drivers/STM32F3xx_HAL_Driver/Src/stm32f3xx_hal.c **** {
 774              		.loc 1 492 1 is_stmt 1 view -0
 775              		.cfi_startproc
 776              		@ args = 0, pretend = 0, frame = 0
 777              		@ frame_needed = 0, uses_anonymous_args = 0
 778              		@ link register save eliminated.
 493:Drivers/STM32F3xx_HAL_Driver/Src/stm32f3xx_hal.c ****   CLEAR_BIT(DBGMCU->CR, DBGMCU_CR_DBG_STOP);
 779              		.loc 1 493 3 view .LVU132
 780 0000 024A     		ldr	r2, .L74
 781 0002 5368     		ldr	r3, [r2, #4]
 782 0004 23F00203 		bic	r3, r3, #2
 783 0008 5360     		str	r3, [r2, #4]
 494:Drivers/STM32F3xx_HAL_Driver/Src/stm32f3xx_hal.c **** }
 784              		.loc 1 494 1 is_stmt 0 view .LVU133
 785 000a 7047     		bx	lr
 786              	.L75:
 787              		.align	2
 788              	.L74:
 789 000c 002004E0 		.word	-536600576
 790              		.cfi_endproc
 791              	.LFE145:
 793              		.section	.text.HAL_DBGMCU_EnableDBGStandbyMode,"ax",%progbits
 794              		.align	1
 795              		.global	HAL_DBGMCU_EnableDBGStandbyMode
 796              		.syntax unified
 797              		.thumb
 798              		.thumb_func
 800              	HAL_DBGMCU_EnableDBGStandbyMode:
 801              	.LFB146:
 495:Drivers/STM32F3xx_HAL_Driver/Src/stm32f3xx_hal.c **** 
 496:Drivers/STM32F3xx_HAL_Driver/Src/stm32f3xx_hal.c **** /**
 497:Drivers/STM32F3xx_HAL_Driver/Src/stm32f3xx_hal.c ****   * @brief  Enable the Debug Module during STANDBY mode
 498:Drivers/STM32F3xx_HAL_Driver/Src/stm32f3xx_hal.c ****   * @retval None
 499:Drivers/STM32F3xx_HAL_Driver/Src/stm32f3xx_hal.c ****   */
 500:Drivers/STM32F3xx_HAL_Driver/Src/stm32f3xx_hal.c **** void HAL_DBGMCU_EnableDBGStandbyMode(void)
 501:Drivers/STM32F3xx_HAL_Driver/Src/stm32f3xx_hal.c **** {
 802              		.loc 1 501 1 is_stmt 1 view -0
 803              		.cfi_startproc
 804              		@ args = 0, pretend = 0, frame = 0
 805              		@ frame_needed = 0, uses_anonymous_args = 0
 806              		@ link register save eliminated.
 502:Drivers/STM32F3xx_HAL_Driver/Src/stm32f3xx_hal.c ****   SET_BIT(DBGMCU->CR, DBGMCU_CR_DBG_STANDBY);
 807              		.loc 1 502 3 view .LVU135
 808 0000 024A     		ldr	r2, .L77
 809 0002 5368     		ldr	r3, [r2, #4]
 810 0004 43F00403 		orr	r3, r3, #4
 811 0008 5360     		str	r3, [r2, #4]
 503:Drivers/STM32F3xx_HAL_Driver/Src/stm32f3xx_hal.c **** }
 812              		.loc 1 503 1 is_stmt 0 view .LVU136
 813 000a 7047     		bx	lr
 814              	.L78:
 815              		.align	2
 816              	.L77:
 817 000c 002004E0 		.word	-536600576
 818              		.cfi_endproc
 819              	.LFE146:
ARM GAS  /tmp/ccPvFzqs.s 			page 24


 821              		.section	.text.HAL_DBGMCU_DisableDBGStandbyMode,"ax",%progbits
 822              		.align	1
 823              		.global	HAL_DBGMCU_DisableDBGStandbyMode
 824              		.syntax unified
 825              		.thumb
 826              		.thumb_func
 828              	HAL_DBGMCU_DisableDBGStandbyMode:
 829              	.LFB147:
 504:Drivers/STM32F3xx_HAL_Driver/Src/stm32f3xx_hal.c **** 
 505:Drivers/STM32F3xx_HAL_Driver/Src/stm32f3xx_hal.c **** /**
 506:Drivers/STM32F3xx_HAL_Driver/Src/stm32f3xx_hal.c ****   * @brief  Disable the Debug Module during STANDBY mode
 507:Drivers/STM32F3xx_HAL_Driver/Src/stm32f3xx_hal.c ****   * @retval None
 508:Drivers/STM32F3xx_HAL_Driver/Src/stm32f3xx_hal.c ****   */
 509:Drivers/STM32F3xx_HAL_Driver/Src/stm32f3xx_hal.c **** void HAL_DBGMCU_DisableDBGStandbyMode(void)
 510:Drivers/STM32F3xx_HAL_Driver/Src/stm32f3xx_hal.c **** {
 830              		.loc 1 510 1 is_stmt 1 view -0
 831              		.cfi_startproc
 832              		@ args = 0, pretend = 0, frame = 0
 833              		@ frame_needed = 0, uses_anonymous_args = 0
 834              		@ link register save eliminated.
 511:Drivers/STM32F3xx_HAL_Driver/Src/stm32f3xx_hal.c ****   CLEAR_BIT(DBGMCU->CR, DBGMCU_CR_DBG_STANDBY);
 835              		.loc 1 511 3 view .LVU138
 836 0000 024A     		ldr	r2, .L80
 837 0002 5368     		ldr	r3, [r2, #4]
 838 0004 23F00403 		bic	r3, r3, #4
 839 0008 5360     		str	r3, [r2, #4]
 512:Drivers/STM32F3xx_HAL_Driver/Src/stm32f3xx_hal.c **** }
 840              		.loc 1 512 1 is_stmt 0 view .LVU139
 841 000a 7047     		bx	lr
 842              	.L81:
 843              		.align	2
 844              	.L80:
 845 000c 002004E0 		.word	-536600576
 846              		.cfi_endproc
 847              	.LFE147:
 849              		.global	uwTickFreq
 850              		.section	.data.uwTickFreq,"aw"
 853              	uwTickFreq:
 854 0000 01       		.byte	1
 855              		.global	uwTickPrio
 856              		.section	.data.uwTickPrio,"aw"
 857              		.align	2
 860              	uwTickPrio:
 861 0000 10000000 		.word	16
 862              		.global	uwTick
 863              		.section	.bss.uwTick,"aw",%nobits
 864              		.align	2
 867              	uwTick:
 868 0000 00000000 		.space	4
 869              		.text
 870              	.Letext0:
 871              		.file 2 "Drivers/CMSIS/Device/ST/STM32F3xx/Include/stm32f303x8.h"
 872              		.file 3 "/usr/arm-none-eabi/include/machine/_default_types.h"
 873              		.file 4 "/usr/arm-none-eabi/include/sys/_stdint.h"
 874              		.file 5 "Drivers/CMSIS/Include/core_cm4.h"
 875              		.file 6 "Drivers/STM32F3xx_HAL_Driver/Inc/stm32f3xx_hal_def.h"
 876              		.file 7 "Drivers/STM32F3xx_HAL_Driver/Inc/stm32f3xx_hal.h"
ARM GAS  /tmp/ccPvFzqs.s 			page 25


 877              		.file 8 "Drivers/CMSIS/Device/ST/STM32F3xx/Include/system_stm32f3xx.h"
 878              		.file 9 "Drivers/STM32F3xx_HAL_Driver/Inc/stm32f3xx_hal_cortex.h"
ARM GAS  /tmp/ccPvFzqs.s 			page 26


DEFINED SYMBOLS
                            *ABS*:0000000000000000 stm32f3xx_hal.c
     /tmp/ccPvFzqs.s:21     .text.HAL_MspInit:0000000000000000 $t
     /tmp/ccPvFzqs.s:27     .text.HAL_MspInit:0000000000000000 HAL_MspInit
     /tmp/ccPvFzqs.s:40     .text.HAL_MspDeInit:0000000000000000 $t
     /tmp/ccPvFzqs.s:46     .text.HAL_MspDeInit:0000000000000000 HAL_MspDeInit
     /tmp/ccPvFzqs.s:59     .text.HAL_DeInit:0000000000000000 $t
     /tmp/ccPvFzqs.s:65     .text.HAL_DeInit:0000000000000000 HAL_DeInit
     /tmp/ccPvFzqs.s:101    .text.HAL_DeInit:0000000000000020 $d
     /tmp/ccPvFzqs.s:106    .text.HAL_InitTick:0000000000000000 $t
     /tmp/ccPvFzqs.s:112    .text.HAL_InitTick:0000000000000000 HAL_InitTick
     /tmp/ccPvFzqs.s:175    .text.HAL_InitTick:0000000000000040 $d
     /tmp/ccPvFzqs.s:853    .data.uwTickFreq:0000000000000000 uwTickFreq
     /tmp/ccPvFzqs.s:860    .data.uwTickPrio:0000000000000000 uwTickPrio
     /tmp/ccPvFzqs.s:182    .text.HAL_Init:0000000000000000 $t
     /tmp/ccPvFzqs.s:188    .text.HAL_Init:0000000000000000 HAL_Init
     /tmp/ccPvFzqs.s:222    .text.HAL_Init:0000000000000020 $d
     /tmp/ccPvFzqs.s:227    .text.HAL_IncTick:0000000000000000 $t
     /tmp/ccPvFzqs.s:233    .text.HAL_IncTick:0000000000000000 HAL_IncTick
     /tmp/ccPvFzqs.s:253    .text.HAL_IncTick:0000000000000010 $d
     /tmp/ccPvFzqs.s:867    .bss.uwTick:0000000000000000 uwTick
     /tmp/ccPvFzqs.s:259    .text.HAL_GetTick:0000000000000000 $t
     /tmp/ccPvFzqs.s:265    .text.HAL_GetTick:0000000000000000 HAL_GetTick
     /tmp/ccPvFzqs.s:281    .text.HAL_GetTick:0000000000000008 $d
     /tmp/ccPvFzqs.s:286    .text.HAL_GetTickPrio:0000000000000000 $t
     /tmp/ccPvFzqs.s:292    .text.HAL_GetTickPrio:0000000000000000 HAL_GetTickPrio
     /tmp/ccPvFzqs.s:307    .text.HAL_GetTickPrio:0000000000000008 $d
     /tmp/ccPvFzqs.s:312    .text.HAL_SetTickFreq:0000000000000000 $t
     /tmp/ccPvFzqs.s:318    .text.HAL_SetTickFreq:0000000000000000 HAL_SetTickFreq
     /tmp/ccPvFzqs.s:375    .text.HAL_SetTickFreq:0000000000000024 $d
     /tmp/ccPvFzqs.s:381    .text.HAL_GetTickFreq:0000000000000000 $t
     /tmp/ccPvFzqs.s:387    .text.HAL_GetTickFreq:0000000000000000 HAL_GetTickFreq
     /tmp/ccPvFzqs.s:402    .text.HAL_GetTickFreq:0000000000000008 $d
     /tmp/ccPvFzqs.s:407    .text.HAL_Delay:0000000000000000 $t
     /tmp/ccPvFzqs.s:413    .text.HAL_Delay:0000000000000000 HAL_Delay
     /tmp/ccPvFzqs.s:466    .text.HAL_Delay:0000000000000024 $d
     /tmp/ccPvFzqs.s:471    .text.HAL_SuspendTick:0000000000000000 $t
     /tmp/ccPvFzqs.s:477    .text.HAL_SuspendTick:0000000000000000 HAL_SuspendTick
     /tmp/ccPvFzqs.s:497    .text.HAL_ResumeTick:0000000000000000 $t
     /tmp/ccPvFzqs.s:503    .text.HAL_ResumeTick:0000000000000000 HAL_ResumeTick
     /tmp/ccPvFzqs.s:523    .text.HAL_GetHalVersion:0000000000000000 $t
     /tmp/ccPvFzqs.s:529    .text.HAL_GetHalVersion:0000000000000000 HAL_GetHalVersion
     /tmp/ccPvFzqs.s:543    .text.HAL_GetHalVersion:0000000000000004 $d
     /tmp/ccPvFzqs.s:548    .text.HAL_GetREVID:0000000000000000 $t
     /tmp/ccPvFzqs.s:554    .text.HAL_GetREVID:0000000000000000 HAL_GetREVID
     /tmp/ccPvFzqs.s:571    .text.HAL_GetREVID:0000000000000008 $d
     /tmp/ccPvFzqs.s:576    .text.HAL_GetDEVID:0000000000000000 $t
     /tmp/ccPvFzqs.s:582    .text.HAL_GetDEVID:0000000000000000 HAL_GetDEVID
     /tmp/ccPvFzqs.s:599    .text.HAL_GetDEVID:000000000000000c $d
     /tmp/ccPvFzqs.s:604    .text.HAL_GetUIDw0:0000000000000000 $t
     /tmp/ccPvFzqs.s:610    .text.HAL_GetUIDw0:0000000000000000 HAL_GetUIDw0
     /tmp/ccPvFzqs.s:625    .text.HAL_GetUIDw0:0000000000000008 $d
     /tmp/ccPvFzqs.s:630    .text.HAL_GetUIDw1:0000000000000000 $t
     /tmp/ccPvFzqs.s:636    .text.HAL_GetUIDw1:0000000000000000 HAL_GetUIDw1
     /tmp/ccPvFzqs.s:651    .text.HAL_GetUIDw1:0000000000000008 $d
     /tmp/ccPvFzqs.s:656    .text.HAL_GetUIDw2:0000000000000000 $t
     /tmp/ccPvFzqs.s:662    .text.HAL_GetUIDw2:0000000000000000 HAL_GetUIDw2
ARM GAS  /tmp/ccPvFzqs.s 			page 27


     /tmp/ccPvFzqs.s:677    .text.HAL_GetUIDw2:0000000000000008 $d
     /tmp/ccPvFzqs.s:682    .text.HAL_DBGMCU_EnableDBGSleepMode:0000000000000000 $t
     /tmp/ccPvFzqs.s:688    .text.HAL_DBGMCU_EnableDBGSleepMode:0000000000000000 HAL_DBGMCU_EnableDBGSleepMode
     /tmp/ccPvFzqs.s:705    .text.HAL_DBGMCU_EnableDBGSleepMode:000000000000000c $d
     /tmp/ccPvFzqs.s:710    .text.HAL_DBGMCU_DisableDBGSleepMode:0000000000000000 $t
     /tmp/ccPvFzqs.s:716    .text.HAL_DBGMCU_DisableDBGSleepMode:0000000000000000 HAL_DBGMCU_DisableDBGSleepMode
     /tmp/ccPvFzqs.s:733    .text.HAL_DBGMCU_DisableDBGSleepMode:000000000000000c $d
     /tmp/ccPvFzqs.s:738    .text.HAL_DBGMCU_EnableDBGStopMode:0000000000000000 $t
     /tmp/ccPvFzqs.s:744    .text.HAL_DBGMCU_EnableDBGStopMode:0000000000000000 HAL_DBGMCU_EnableDBGStopMode
     /tmp/ccPvFzqs.s:761    .text.HAL_DBGMCU_EnableDBGStopMode:000000000000000c $d
     /tmp/ccPvFzqs.s:766    .text.HAL_DBGMCU_DisableDBGStopMode:0000000000000000 $t
     /tmp/ccPvFzqs.s:772    .text.HAL_DBGMCU_DisableDBGStopMode:0000000000000000 HAL_DBGMCU_DisableDBGStopMode
     /tmp/ccPvFzqs.s:789    .text.HAL_DBGMCU_DisableDBGStopMode:000000000000000c $d
     /tmp/ccPvFzqs.s:794    .text.HAL_DBGMCU_EnableDBGStandbyMode:0000000000000000 $t
     /tmp/ccPvFzqs.s:800    .text.HAL_DBGMCU_EnableDBGStandbyMode:0000000000000000 HAL_DBGMCU_EnableDBGStandbyMode
     /tmp/ccPvFzqs.s:817    .text.HAL_DBGMCU_EnableDBGStandbyMode:000000000000000c $d
     /tmp/ccPvFzqs.s:822    .text.HAL_DBGMCU_DisableDBGStandbyMode:0000000000000000 $t
     /tmp/ccPvFzqs.s:828    .text.HAL_DBGMCU_DisableDBGStandbyMode:0000000000000000 HAL_DBGMCU_DisableDBGStandbyMode
     /tmp/ccPvFzqs.s:845    .text.HAL_DBGMCU_DisableDBGStandbyMode:000000000000000c $d
     /tmp/ccPvFzqs.s:857    .data.uwTickPrio:0000000000000000 $d
     /tmp/ccPvFzqs.s:864    .bss.uwTick:0000000000000000 $d

UNDEFINED SYMBOLS
HAL_SYSTICK_Config
HAL_NVIC_SetPriority
SystemCoreClock
HAL_NVIC_SetPriorityGrouping
