ARM GAS  /tmp/cc1SETmP.s 			page 1


   1              		.cpu cortex-m4
   2              		.arch armv7e-m
   3              		.fpu fpv4-sp-d16
   4              		.eabi_attribute 27, 1
   5              		.eabi_attribute 28, 1
   6              		.eabi_attribute 20, 1
   7              		.eabi_attribute 21, 1
   8              		.eabi_attribute 23, 3
   9              		.eabi_attribute 24, 1
  10              		.eabi_attribute 25, 1
  11              		.eabi_attribute 26, 1
  12              		.eabi_attribute 30, 1
  13              		.eabi_attribute 34, 1
  14              		.eabi_attribute 18, 4
  15              		.file	"stm32f3xx_hal_i2c_ex.c"
  16              		.text
  17              	.Ltext0:
  18              		.cfi_sections	.debug_frame
  19              		.section	.text.HAL_I2CEx_ConfigAnalogFilter,"ax",%progbits
  20              		.align	1
  21              		.global	HAL_I2CEx_ConfigAnalogFilter
  22              		.syntax unified
  23              		.thumb
  24              		.thumb_func
  26              	HAL_I2CEx_ConfigAnalogFilter:
  27              	.LVL0:
  28              	.LFB123:
  29              		.file 1 "Drivers/STM32F3xx_HAL_Driver/Src/stm32f3xx_hal_i2c_ex.c"
   1:Drivers/STM32F3xx_HAL_Driver/Src/stm32f3xx_hal_i2c_ex.c **** /**
   2:Drivers/STM32F3xx_HAL_Driver/Src/stm32f3xx_hal_i2c_ex.c ****   ******************************************************************************
   3:Drivers/STM32F3xx_HAL_Driver/Src/stm32f3xx_hal_i2c_ex.c ****   * @file    stm32f3xx_hal_i2c_ex.c
   4:Drivers/STM32F3xx_HAL_Driver/Src/stm32f3xx_hal_i2c_ex.c ****   * @author  MCD Application Team
   5:Drivers/STM32F3xx_HAL_Driver/Src/stm32f3xx_hal_i2c_ex.c ****   * @brief   I2C Extended HAL module driver.
   6:Drivers/STM32F3xx_HAL_Driver/Src/stm32f3xx_hal_i2c_ex.c ****   *          This file provides firmware functions to manage the following
   7:Drivers/STM32F3xx_HAL_Driver/Src/stm32f3xx_hal_i2c_ex.c ****   *          functionalities of I2C Extended peripheral:
   8:Drivers/STM32F3xx_HAL_Driver/Src/stm32f3xx_hal_i2c_ex.c ****   *           + Filter Mode Functions
   9:Drivers/STM32F3xx_HAL_Driver/Src/stm32f3xx_hal_i2c_ex.c ****   *           + WakeUp Mode Functions
  10:Drivers/STM32F3xx_HAL_Driver/Src/stm32f3xx_hal_i2c_ex.c ****   *           + FastModePlus Functions
  11:Drivers/STM32F3xx_HAL_Driver/Src/stm32f3xx_hal_i2c_ex.c ****   *
  12:Drivers/STM32F3xx_HAL_Driver/Src/stm32f3xx_hal_i2c_ex.c ****   @verbatim
  13:Drivers/STM32F3xx_HAL_Driver/Src/stm32f3xx_hal_i2c_ex.c ****   ==============================================================================
  14:Drivers/STM32F3xx_HAL_Driver/Src/stm32f3xx_hal_i2c_ex.c ****                ##### I2C peripheral Extended features  #####
  15:Drivers/STM32F3xx_HAL_Driver/Src/stm32f3xx_hal_i2c_ex.c ****   ==============================================================================
  16:Drivers/STM32F3xx_HAL_Driver/Src/stm32f3xx_hal_i2c_ex.c **** 
  17:Drivers/STM32F3xx_HAL_Driver/Src/stm32f3xx_hal_i2c_ex.c ****   [..] Comparing to other previous devices, the I2C interface for STM32F3xx
  18:Drivers/STM32F3xx_HAL_Driver/Src/stm32f3xx_hal_i2c_ex.c ****        devices contains the following additional features
  19:Drivers/STM32F3xx_HAL_Driver/Src/stm32f3xx_hal_i2c_ex.c **** 
  20:Drivers/STM32F3xx_HAL_Driver/Src/stm32f3xx_hal_i2c_ex.c ****        (+) Possibility to disable or enable Analog Noise Filter
  21:Drivers/STM32F3xx_HAL_Driver/Src/stm32f3xx_hal_i2c_ex.c ****        (+) Use of a configured Digital Noise Filter
  22:Drivers/STM32F3xx_HAL_Driver/Src/stm32f3xx_hal_i2c_ex.c ****        (+) Disable or enable wakeup from Stop mode(s)
  23:Drivers/STM32F3xx_HAL_Driver/Src/stm32f3xx_hal_i2c_ex.c ****        (+) Disable or enable Fast Mode Plus
  24:Drivers/STM32F3xx_HAL_Driver/Src/stm32f3xx_hal_i2c_ex.c **** 
  25:Drivers/STM32F3xx_HAL_Driver/Src/stm32f3xx_hal_i2c_ex.c ****                      ##### How to use this driver #####
  26:Drivers/STM32F3xx_HAL_Driver/Src/stm32f3xx_hal_i2c_ex.c ****   ==============================================================================
  27:Drivers/STM32F3xx_HAL_Driver/Src/stm32f3xx_hal_i2c_ex.c ****   [..] This driver provides functions to configure Noise Filter and Wake Up Feature
  28:Drivers/STM32F3xx_HAL_Driver/Src/stm32f3xx_hal_i2c_ex.c ****     (#) Configure I2C Analog noise filter using the function HAL_I2CEx_ConfigAnalogFilter()
  29:Drivers/STM32F3xx_HAL_Driver/Src/stm32f3xx_hal_i2c_ex.c ****     (#) Configure I2C Digital noise filter using the function HAL_I2CEx_ConfigDigitalFilter()
ARM GAS  /tmp/cc1SETmP.s 			page 2


  30:Drivers/STM32F3xx_HAL_Driver/Src/stm32f3xx_hal_i2c_ex.c ****     (#) Configure the enable or disable of I2C Wake Up Mode using the functions :
  31:Drivers/STM32F3xx_HAL_Driver/Src/stm32f3xx_hal_i2c_ex.c ****           (++) HAL_I2CEx_EnableWakeUp()
  32:Drivers/STM32F3xx_HAL_Driver/Src/stm32f3xx_hal_i2c_ex.c ****           (++) HAL_I2CEx_DisableWakeUp()
  33:Drivers/STM32F3xx_HAL_Driver/Src/stm32f3xx_hal_i2c_ex.c ****     (#) Configure the enable or disable of fast mode plus driving capability using the functions :
  34:Drivers/STM32F3xx_HAL_Driver/Src/stm32f3xx_hal_i2c_ex.c ****           (++) HAL_I2CEx_EnableFastModePlus()
  35:Drivers/STM32F3xx_HAL_Driver/Src/stm32f3xx_hal_i2c_ex.c ****           (++) HAL_I2CEx_DisableFastModePlus()
  36:Drivers/STM32F3xx_HAL_Driver/Src/stm32f3xx_hal_i2c_ex.c ****   @endverbatim
  37:Drivers/STM32F3xx_HAL_Driver/Src/stm32f3xx_hal_i2c_ex.c ****   ******************************************************************************
  38:Drivers/STM32F3xx_HAL_Driver/Src/stm32f3xx_hal_i2c_ex.c ****   * @attention
  39:Drivers/STM32F3xx_HAL_Driver/Src/stm32f3xx_hal_i2c_ex.c ****   *
  40:Drivers/STM32F3xx_HAL_Driver/Src/stm32f3xx_hal_i2c_ex.c ****   * <h2><center>&copy; Copyright (c) 2016 STMicroelectronics.
  41:Drivers/STM32F3xx_HAL_Driver/Src/stm32f3xx_hal_i2c_ex.c ****   * All rights reserved.</center></h2>
  42:Drivers/STM32F3xx_HAL_Driver/Src/stm32f3xx_hal_i2c_ex.c ****   *
  43:Drivers/STM32F3xx_HAL_Driver/Src/stm32f3xx_hal_i2c_ex.c ****   * This software component is licensed by ST under BSD 3-Clause license,
  44:Drivers/STM32F3xx_HAL_Driver/Src/stm32f3xx_hal_i2c_ex.c ****   * the "License"; You may not use this file except in compliance with the
  45:Drivers/STM32F3xx_HAL_Driver/Src/stm32f3xx_hal_i2c_ex.c ****   * License. You may obtain a copy of the License at:
  46:Drivers/STM32F3xx_HAL_Driver/Src/stm32f3xx_hal_i2c_ex.c ****   *                        opensource.org/licenses/BSD-3-Clause
  47:Drivers/STM32F3xx_HAL_Driver/Src/stm32f3xx_hal_i2c_ex.c ****   *
  48:Drivers/STM32F3xx_HAL_Driver/Src/stm32f3xx_hal_i2c_ex.c ****   ******************************************************************************
  49:Drivers/STM32F3xx_HAL_Driver/Src/stm32f3xx_hal_i2c_ex.c ****   */
  50:Drivers/STM32F3xx_HAL_Driver/Src/stm32f3xx_hal_i2c_ex.c **** 
  51:Drivers/STM32F3xx_HAL_Driver/Src/stm32f3xx_hal_i2c_ex.c **** /* Includes ------------------------------------------------------------------*/
  52:Drivers/STM32F3xx_HAL_Driver/Src/stm32f3xx_hal_i2c_ex.c **** #include "stm32f3xx_hal.h"
  53:Drivers/STM32F3xx_HAL_Driver/Src/stm32f3xx_hal_i2c_ex.c **** 
  54:Drivers/STM32F3xx_HAL_Driver/Src/stm32f3xx_hal_i2c_ex.c **** /** @addtogroup STM32F3xx_HAL_Driver
  55:Drivers/STM32F3xx_HAL_Driver/Src/stm32f3xx_hal_i2c_ex.c ****   * @{
  56:Drivers/STM32F3xx_HAL_Driver/Src/stm32f3xx_hal_i2c_ex.c ****   */
  57:Drivers/STM32F3xx_HAL_Driver/Src/stm32f3xx_hal_i2c_ex.c **** 
  58:Drivers/STM32F3xx_HAL_Driver/Src/stm32f3xx_hal_i2c_ex.c **** /** @defgroup I2CEx I2CEx
  59:Drivers/STM32F3xx_HAL_Driver/Src/stm32f3xx_hal_i2c_ex.c ****   * @brief I2C Extended HAL module driver
  60:Drivers/STM32F3xx_HAL_Driver/Src/stm32f3xx_hal_i2c_ex.c ****   * @{
  61:Drivers/STM32F3xx_HAL_Driver/Src/stm32f3xx_hal_i2c_ex.c ****   */
  62:Drivers/STM32F3xx_HAL_Driver/Src/stm32f3xx_hal_i2c_ex.c **** 
  63:Drivers/STM32F3xx_HAL_Driver/Src/stm32f3xx_hal_i2c_ex.c **** #ifdef HAL_I2C_MODULE_ENABLED
  64:Drivers/STM32F3xx_HAL_Driver/Src/stm32f3xx_hal_i2c_ex.c **** 
  65:Drivers/STM32F3xx_HAL_Driver/Src/stm32f3xx_hal_i2c_ex.c **** /* Private typedef -----------------------------------------------------------*/
  66:Drivers/STM32F3xx_HAL_Driver/Src/stm32f3xx_hal_i2c_ex.c **** /* Private define ------------------------------------------------------------*/
  67:Drivers/STM32F3xx_HAL_Driver/Src/stm32f3xx_hal_i2c_ex.c **** /* Private macro -------------------------------------------------------------*/
  68:Drivers/STM32F3xx_HAL_Driver/Src/stm32f3xx_hal_i2c_ex.c **** /* Private variables ---------------------------------------------------------*/
  69:Drivers/STM32F3xx_HAL_Driver/Src/stm32f3xx_hal_i2c_ex.c **** /* Private function prototypes -----------------------------------------------*/
  70:Drivers/STM32F3xx_HAL_Driver/Src/stm32f3xx_hal_i2c_ex.c **** /* Private functions ---------------------------------------------------------*/
  71:Drivers/STM32F3xx_HAL_Driver/Src/stm32f3xx_hal_i2c_ex.c **** 
  72:Drivers/STM32F3xx_HAL_Driver/Src/stm32f3xx_hal_i2c_ex.c **** /** @defgroup I2CEx_Exported_Functions I2C Extended Exported Functions
  73:Drivers/STM32F3xx_HAL_Driver/Src/stm32f3xx_hal_i2c_ex.c ****   * @{
  74:Drivers/STM32F3xx_HAL_Driver/Src/stm32f3xx_hal_i2c_ex.c ****   */
  75:Drivers/STM32F3xx_HAL_Driver/Src/stm32f3xx_hal_i2c_ex.c **** 
  76:Drivers/STM32F3xx_HAL_Driver/Src/stm32f3xx_hal_i2c_ex.c **** /** @defgroup I2CEx_Exported_Functions_Group1 Filter Mode Functions
  77:Drivers/STM32F3xx_HAL_Driver/Src/stm32f3xx_hal_i2c_ex.c ****   * @brief    Filter Mode Functions
  78:Drivers/STM32F3xx_HAL_Driver/Src/stm32f3xx_hal_i2c_ex.c ****   *
  79:Drivers/STM32F3xx_HAL_Driver/Src/stm32f3xx_hal_i2c_ex.c **** @verbatim
  80:Drivers/STM32F3xx_HAL_Driver/Src/stm32f3xx_hal_i2c_ex.c ****  ===============================================================================
  81:Drivers/STM32F3xx_HAL_Driver/Src/stm32f3xx_hal_i2c_ex.c ****                       ##### Filter Mode Functions #####
  82:Drivers/STM32F3xx_HAL_Driver/Src/stm32f3xx_hal_i2c_ex.c ****  ===============================================================================
  83:Drivers/STM32F3xx_HAL_Driver/Src/stm32f3xx_hal_i2c_ex.c ****     [..] This section provides functions allowing to:
  84:Drivers/STM32F3xx_HAL_Driver/Src/stm32f3xx_hal_i2c_ex.c ****       (+) Configure Noise Filters
  85:Drivers/STM32F3xx_HAL_Driver/Src/stm32f3xx_hal_i2c_ex.c **** 
  86:Drivers/STM32F3xx_HAL_Driver/Src/stm32f3xx_hal_i2c_ex.c **** @endverbatim
ARM GAS  /tmp/cc1SETmP.s 			page 3


  87:Drivers/STM32F3xx_HAL_Driver/Src/stm32f3xx_hal_i2c_ex.c ****   * @{
  88:Drivers/STM32F3xx_HAL_Driver/Src/stm32f3xx_hal_i2c_ex.c ****   */
  89:Drivers/STM32F3xx_HAL_Driver/Src/stm32f3xx_hal_i2c_ex.c **** 
  90:Drivers/STM32F3xx_HAL_Driver/Src/stm32f3xx_hal_i2c_ex.c **** /**
  91:Drivers/STM32F3xx_HAL_Driver/Src/stm32f3xx_hal_i2c_ex.c ****   * @brief  Configure I2C Analog noise filter.
  92:Drivers/STM32F3xx_HAL_Driver/Src/stm32f3xx_hal_i2c_ex.c ****   * @param  hi2c Pointer to a I2C_HandleTypeDef structure that contains
  93:Drivers/STM32F3xx_HAL_Driver/Src/stm32f3xx_hal_i2c_ex.c ****   *                the configuration information for the specified I2Cx peripheral.
  94:Drivers/STM32F3xx_HAL_Driver/Src/stm32f3xx_hal_i2c_ex.c ****   * @param  AnalogFilter New state of the Analog filter.
  95:Drivers/STM32F3xx_HAL_Driver/Src/stm32f3xx_hal_i2c_ex.c ****   * @retval HAL status
  96:Drivers/STM32F3xx_HAL_Driver/Src/stm32f3xx_hal_i2c_ex.c ****   */
  97:Drivers/STM32F3xx_HAL_Driver/Src/stm32f3xx_hal_i2c_ex.c **** HAL_StatusTypeDef HAL_I2CEx_ConfigAnalogFilter(I2C_HandleTypeDef *hi2c, uint32_t AnalogFilter)
  98:Drivers/STM32F3xx_HAL_Driver/Src/stm32f3xx_hal_i2c_ex.c **** {
  30              		.loc 1 98 1 view -0
  31              		.cfi_startproc
  32              		@ args = 0, pretend = 0, frame = 0
  33              		@ frame_needed = 0, uses_anonymous_args = 0
  34              		@ link register save eliminated.
  99:Drivers/STM32F3xx_HAL_Driver/Src/stm32f3xx_hal_i2c_ex.c ****   /* Check the parameters */
 100:Drivers/STM32F3xx_HAL_Driver/Src/stm32f3xx_hal_i2c_ex.c ****   assert_param(IS_I2C_ALL_INSTANCE(hi2c->Instance));
  35              		.loc 1 100 3 view .LVU1
 101:Drivers/STM32F3xx_HAL_Driver/Src/stm32f3xx_hal_i2c_ex.c ****   assert_param(IS_I2C_ANALOG_FILTER(AnalogFilter));
  36              		.loc 1 101 3 view .LVU2
 102:Drivers/STM32F3xx_HAL_Driver/Src/stm32f3xx_hal_i2c_ex.c **** 
 103:Drivers/STM32F3xx_HAL_Driver/Src/stm32f3xx_hal_i2c_ex.c ****   if (hi2c->State == HAL_I2C_STATE_READY)
  37              		.loc 1 103 3 view .LVU3
  38              		.loc 1 103 11 is_stmt 0 view .LVU4
  39 0000 90F84130 		ldrb	r3, [r0, #65]	@ zero_extendqisi2
  40 0004 DBB2     		uxtb	r3, r3
  41              		.loc 1 103 6 view .LVU5
  42 0006 202B     		cmp	r3, #32
  43 0008 24D1     		bne	.L3
 104:Drivers/STM32F3xx_HAL_Driver/Src/stm32f3xx_hal_i2c_ex.c ****   {
 105:Drivers/STM32F3xx_HAL_Driver/Src/stm32f3xx_hal_i2c_ex.c ****     /* Process Locked */
 106:Drivers/STM32F3xx_HAL_Driver/Src/stm32f3xx_hal_i2c_ex.c ****     __HAL_LOCK(hi2c);
  44              		.loc 1 106 5 is_stmt 1 view .LVU6
  45              		.loc 1 106 5 view .LVU7
  46 000a 90F84030 		ldrb	r3, [r0, #64]	@ zero_extendqisi2
  47 000e 012B     		cmp	r3, #1
  48 0010 22D0     		beq	.L4
  49              		.loc 1 106 5 discriminator 2 view .LVU8
  50 0012 0123     		movs	r3, #1
  51 0014 80F84030 		strb	r3, [r0, #64]
  52              		.loc 1 106 5 discriminator 2 view .LVU9
 107:Drivers/STM32F3xx_HAL_Driver/Src/stm32f3xx_hal_i2c_ex.c **** 
 108:Drivers/STM32F3xx_HAL_Driver/Src/stm32f3xx_hal_i2c_ex.c ****     hi2c->State = HAL_I2C_STATE_BUSY;
  53              		.loc 1 108 5 discriminator 2 view .LVU10
  54              		.loc 1 108 17 is_stmt 0 discriminator 2 view .LVU11
  55 0018 2423     		movs	r3, #36
  56 001a 80F84130 		strb	r3, [r0, #65]
 109:Drivers/STM32F3xx_HAL_Driver/Src/stm32f3xx_hal_i2c_ex.c **** 
 110:Drivers/STM32F3xx_HAL_Driver/Src/stm32f3xx_hal_i2c_ex.c ****     /* Disable the selected I2C peripheral */
 111:Drivers/STM32F3xx_HAL_Driver/Src/stm32f3xx_hal_i2c_ex.c ****     __HAL_I2C_DISABLE(hi2c);
  57              		.loc 1 111 5 is_stmt 1 discriminator 2 view .LVU12
  58 001e 0268     		ldr	r2, [r0]
  59 0020 1368     		ldr	r3, [r2]
  60 0022 23F00103 		bic	r3, r3, #1
  61 0026 1360     		str	r3, [r2]
ARM GAS  /tmp/cc1SETmP.s 			page 4


 112:Drivers/STM32F3xx_HAL_Driver/Src/stm32f3xx_hal_i2c_ex.c **** 
 113:Drivers/STM32F3xx_HAL_Driver/Src/stm32f3xx_hal_i2c_ex.c ****     /* Reset I2Cx ANOFF bit */
 114:Drivers/STM32F3xx_HAL_Driver/Src/stm32f3xx_hal_i2c_ex.c ****     hi2c->Instance->CR1 &= ~(I2C_CR1_ANFOFF);
  62              		.loc 1 114 5 discriminator 2 view .LVU13
  63              		.loc 1 114 9 is_stmt 0 discriminator 2 view .LVU14
  64 0028 0268     		ldr	r2, [r0]
  65              		.loc 1 114 25 discriminator 2 view .LVU15
  66 002a 1368     		ldr	r3, [r2]
  67 002c 23F48053 		bic	r3, r3, #4096
  68 0030 1360     		str	r3, [r2]
 115:Drivers/STM32F3xx_HAL_Driver/Src/stm32f3xx_hal_i2c_ex.c **** 
 116:Drivers/STM32F3xx_HAL_Driver/Src/stm32f3xx_hal_i2c_ex.c ****     /* Set analog filter bit*/
 117:Drivers/STM32F3xx_HAL_Driver/Src/stm32f3xx_hal_i2c_ex.c ****     hi2c->Instance->CR1 |= AnalogFilter;
  69              		.loc 1 117 5 is_stmt 1 discriminator 2 view .LVU16
  70              		.loc 1 117 9 is_stmt 0 discriminator 2 view .LVU17
  71 0032 0268     		ldr	r2, [r0]
  72              		.loc 1 117 25 discriminator 2 view .LVU18
  73 0034 1368     		ldr	r3, [r2]
  74 0036 1943     		orrs	r1, r1, r3
  75              	.LVL1:
  76              		.loc 1 117 25 discriminator 2 view .LVU19
  77 0038 1160     		str	r1, [r2]
 118:Drivers/STM32F3xx_HAL_Driver/Src/stm32f3xx_hal_i2c_ex.c **** 
 119:Drivers/STM32F3xx_HAL_Driver/Src/stm32f3xx_hal_i2c_ex.c ****     __HAL_I2C_ENABLE(hi2c);
  78              		.loc 1 119 5 is_stmt 1 discriminator 2 view .LVU20
  79 003a 0268     		ldr	r2, [r0]
  80 003c 1368     		ldr	r3, [r2]
  81 003e 43F00103 		orr	r3, r3, #1
  82 0042 1360     		str	r3, [r2]
 120:Drivers/STM32F3xx_HAL_Driver/Src/stm32f3xx_hal_i2c_ex.c **** 
 121:Drivers/STM32F3xx_HAL_Driver/Src/stm32f3xx_hal_i2c_ex.c ****     hi2c->State = HAL_I2C_STATE_READY;
  83              		.loc 1 121 5 discriminator 2 view .LVU21
  84              		.loc 1 121 17 is_stmt 0 discriminator 2 view .LVU22
  85 0044 2023     		movs	r3, #32
  86 0046 80F84130 		strb	r3, [r0, #65]
 122:Drivers/STM32F3xx_HAL_Driver/Src/stm32f3xx_hal_i2c_ex.c **** 
 123:Drivers/STM32F3xx_HAL_Driver/Src/stm32f3xx_hal_i2c_ex.c ****     /* Process Unlocked */
 124:Drivers/STM32F3xx_HAL_Driver/Src/stm32f3xx_hal_i2c_ex.c ****     __HAL_UNLOCK(hi2c);
  87              		.loc 1 124 5 is_stmt 1 discriminator 2 view .LVU23
  88              		.loc 1 124 5 discriminator 2 view .LVU24
  89 004a 0023     		movs	r3, #0
  90 004c 80F84030 		strb	r3, [r0, #64]
  91              		.loc 1 124 5 discriminator 2 view .LVU25
 125:Drivers/STM32F3xx_HAL_Driver/Src/stm32f3xx_hal_i2c_ex.c **** 
 126:Drivers/STM32F3xx_HAL_Driver/Src/stm32f3xx_hal_i2c_ex.c ****     return HAL_OK;
  92              		.loc 1 126 5 discriminator 2 view .LVU26
  93              		.loc 1 126 12 is_stmt 0 discriminator 2 view .LVU27
  94 0050 1846     		mov	r0, r3
  95              	.LVL2:
  96              		.loc 1 126 12 discriminator 2 view .LVU28
  97 0052 7047     		bx	lr
  98              	.LVL3:
  99              	.L3:
 127:Drivers/STM32F3xx_HAL_Driver/Src/stm32f3xx_hal_i2c_ex.c ****   }
 128:Drivers/STM32F3xx_HAL_Driver/Src/stm32f3xx_hal_i2c_ex.c ****   else
 129:Drivers/STM32F3xx_HAL_Driver/Src/stm32f3xx_hal_i2c_ex.c ****   {
 130:Drivers/STM32F3xx_HAL_Driver/Src/stm32f3xx_hal_i2c_ex.c ****     return HAL_BUSY;
ARM GAS  /tmp/cc1SETmP.s 			page 5


 100              		.loc 1 130 12 view .LVU29
 101 0054 0220     		movs	r0, #2
 102              	.LVL4:
 103              		.loc 1 130 12 view .LVU30
 104 0056 7047     		bx	lr
 105              	.LVL5:
 106              	.L4:
 106:Drivers/STM32F3xx_HAL_Driver/Src/stm32f3xx_hal_i2c_ex.c **** 
 107              		.loc 1 106 5 view .LVU31
 108 0058 0220     		movs	r0, #2
 109              	.LVL6:
 131:Drivers/STM32F3xx_HAL_Driver/Src/stm32f3xx_hal_i2c_ex.c ****   }
 132:Drivers/STM32F3xx_HAL_Driver/Src/stm32f3xx_hal_i2c_ex.c **** }
 110              		.loc 1 132 1 view .LVU32
 111 005a 7047     		bx	lr
 112              		.cfi_endproc
 113              	.LFE123:
 115              		.section	.text.HAL_I2CEx_ConfigDigitalFilter,"ax",%progbits
 116              		.align	1
 117              		.global	HAL_I2CEx_ConfigDigitalFilter
 118              		.syntax unified
 119              		.thumb
 120              		.thumb_func
 122              	HAL_I2CEx_ConfigDigitalFilter:
 123              	.LVL7:
 124              	.LFB124:
 133:Drivers/STM32F3xx_HAL_Driver/Src/stm32f3xx_hal_i2c_ex.c **** 
 134:Drivers/STM32F3xx_HAL_Driver/Src/stm32f3xx_hal_i2c_ex.c **** /**
 135:Drivers/STM32F3xx_HAL_Driver/Src/stm32f3xx_hal_i2c_ex.c ****   * @brief  Configure I2C Digital noise filter.
 136:Drivers/STM32F3xx_HAL_Driver/Src/stm32f3xx_hal_i2c_ex.c ****   * @param  hi2c Pointer to a I2C_HandleTypeDef structure that contains
 137:Drivers/STM32F3xx_HAL_Driver/Src/stm32f3xx_hal_i2c_ex.c ****   *                the configuration information for the specified I2Cx peripheral.
 138:Drivers/STM32F3xx_HAL_Driver/Src/stm32f3xx_hal_i2c_ex.c ****   * @param  DigitalFilter Coefficient of digital noise filter between Min_Data=0x00 and Max_Data=0x
 139:Drivers/STM32F3xx_HAL_Driver/Src/stm32f3xx_hal_i2c_ex.c ****   * @retval HAL status
 140:Drivers/STM32F3xx_HAL_Driver/Src/stm32f3xx_hal_i2c_ex.c ****   */
 141:Drivers/STM32F3xx_HAL_Driver/Src/stm32f3xx_hal_i2c_ex.c **** HAL_StatusTypeDef HAL_I2CEx_ConfigDigitalFilter(I2C_HandleTypeDef *hi2c, uint32_t DigitalFilter)
 142:Drivers/STM32F3xx_HAL_Driver/Src/stm32f3xx_hal_i2c_ex.c **** {
 125              		.loc 1 142 1 is_stmt 1 view -0
 126              		.cfi_startproc
 127              		@ args = 0, pretend = 0, frame = 0
 128              		@ frame_needed = 0, uses_anonymous_args = 0
 129              		@ link register save eliminated.
 143:Drivers/STM32F3xx_HAL_Driver/Src/stm32f3xx_hal_i2c_ex.c ****   uint32_t tmpreg;
 130              		.loc 1 143 3 view .LVU34
 144:Drivers/STM32F3xx_HAL_Driver/Src/stm32f3xx_hal_i2c_ex.c **** 
 145:Drivers/STM32F3xx_HAL_Driver/Src/stm32f3xx_hal_i2c_ex.c ****   /* Check the parameters */
 146:Drivers/STM32F3xx_HAL_Driver/Src/stm32f3xx_hal_i2c_ex.c ****   assert_param(IS_I2C_ALL_INSTANCE(hi2c->Instance));
 131              		.loc 1 146 3 view .LVU35
 147:Drivers/STM32F3xx_HAL_Driver/Src/stm32f3xx_hal_i2c_ex.c ****   assert_param(IS_I2C_DIGITAL_FILTER(DigitalFilter));
 132              		.loc 1 147 3 view .LVU36
 148:Drivers/STM32F3xx_HAL_Driver/Src/stm32f3xx_hal_i2c_ex.c **** 
 149:Drivers/STM32F3xx_HAL_Driver/Src/stm32f3xx_hal_i2c_ex.c ****   if (hi2c->State == HAL_I2C_STATE_READY)
 133              		.loc 1 149 3 view .LVU37
 134              		.loc 1 149 11 is_stmt 0 view .LVU38
 135 0000 90F84130 		ldrb	r3, [r0, #65]	@ zero_extendqisi2
 136 0004 DBB2     		uxtb	r3, r3
 137              		.loc 1 149 6 view .LVU39
 138 0006 202B     		cmp	r3, #32
ARM GAS  /tmp/cc1SETmP.s 			page 6


 139 0008 22D1     		bne	.L7
 150:Drivers/STM32F3xx_HAL_Driver/Src/stm32f3xx_hal_i2c_ex.c ****   {
 151:Drivers/STM32F3xx_HAL_Driver/Src/stm32f3xx_hal_i2c_ex.c ****     /* Process Locked */
 152:Drivers/STM32F3xx_HAL_Driver/Src/stm32f3xx_hal_i2c_ex.c ****     __HAL_LOCK(hi2c);
 140              		.loc 1 152 5 is_stmt 1 view .LVU40
 141              		.loc 1 152 5 view .LVU41
 142 000a 90F84030 		ldrb	r3, [r0, #64]	@ zero_extendqisi2
 143 000e 012B     		cmp	r3, #1
 144 0010 20D0     		beq	.L8
 145              		.loc 1 152 5 discriminator 2 view .LVU42
 146 0012 0123     		movs	r3, #1
 147 0014 80F84030 		strb	r3, [r0, #64]
 148              		.loc 1 152 5 discriminator 2 view .LVU43
 153:Drivers/STM32F3xx_HAL_Driver/Src/stm32f3xx_hal_i2c_ex.c **** 
 154:Drivers/STM32F3xx_HAL_Driver/Src/stm32f3xx_hal_i2c_ex.c ****     hi2c->State = HAL_I2C_STATE_BUSY;
 149              		.loc 1 154 5 discriminator 2 view .LVU44
 150              		.loc 1 154 17 is_stmt 0 discriminator 2 view .LVU45
 151 0018 2423     		movs	r3, #36
 152 001a 80F84130 		strb	r3, [r0, #65]
 155:Drivers/STM32F3xx_HAL_Driver/Src/stm32f3xx_hal_i2c_ex.c **** 
 156:Drivers/STM32F3xx_HAL_Driver/Src/stm32f3xx_hal_i2c_ex.c ****     /* Disable the selected I2C peripheral */
 157:Drivers/STM32F3xx_HAL_Driver/Src/stm32f3xx_hal_i2c_ex.c ****     __HAL_I2C_DISABLE(hi2c);
 153              		.loc 1 157 5 is_stmt 1 discriminator 2 view .LVU46
 154 001e 0268     		ldr	r2, [r0]
 155 0020 1368     		ldr	r3, [r2]
 156 0022 23F00103 		bic	r3, r3, #1
 157 0026 1360     		str	r3, [r2]
 158:Drivers/STM32F3xx_HAL_Driver/Src/stm32f3xx_hal_i2c_ex.c **** 
 159:Drivers/STM32F3xx_HAL_Driver/Src/stm32f3xx_hal_i2c_ex.c ****     /* Get the old register value */
 160:Drivers/STM32F3xx_HAL_Driver/Src/stm32f3xx_hal_i2c_ex.c ****     tmpreg = hi2c->Instance->CR1;
 158              		.loc 1 160 5 discriminator 2 view .LVU47
 159              		.loc 1 160 18 is_stmt 0 discriminator 2 view .LVU48
 160 0028 0268     		ldr	r2, [r0]
 161              		.loc 1 160 12 discriminator 2 view .LVU49
 162 002a 1368     		ldr	r3, [r2]
 163              	.LVL8:
 161:Drivers/STM32F3xx_HAL_Driver/Src/stm32f3xx_hal_i2c_ex.c **** 
 162:Drivers/STM32F3xx_HAL_Driver/Src/stm32f3xx_hal_i2c_ex.c ****     /* Reset I2Cx DNF bits [11:8] */
 163:Drivers/STM32F3xx_HAL_Driver/Src/stm32f3xx_hal_i2c_ex.c ****     tmpreg &= ~(I2C_CR1_DNF);
 164              		.loc 1 163 5 is_stmt 1 discriminator 2 view .LVU50
 165              		.loc 1 163 12 is_stmt 0 discriminator 2 view .LVU51
 166 002c 23F47063 		bic	r3, r3, #3840
 167              	.LVL9:
 164:Drivers/STM32F3xx_HAL_Driver/Src/stm32f3xx_hal_i2c_ex.c **** 
 165:Drivers/STM32F3xx_HAL_Driver/Src/stm32f3xx_hal_i2c_ex.c ****     /* Set I2Cx DNF coefficient */
 166:Drivers/STM32F3xx_HAL_Driver/Src/stm32f3xx_hal_i2c_ex.c ****     tmpreg |= DigitalFilter << 8U;
 168              		.loc 1 166 5 is_stmt 1 discriminator 2 view .LVU52
 169              		.loc 1 166 12 is_stmt 0 discriminator 2 view .LVU53
 170 0030 43EA0121 		orr	r1, r3, r1, lsl #8
 171              	.LVL10:
 167:Drivers/STM32F3xx_HAL_Driver/Src/stm32f3xx_hal_i2c_ex.c **** 
 168:Drivers/STM32F3xx_HAL_Driver/Src/stm32f3xx_hal_i2c_ex.c ****     /* Store the new register value */
 169:Drivers/STM32F3xx_HAL_Driver/Src/stm32f3xx_hal_i2c_ex.c ****     hi2c->Instance->CR1 = tmpreg;
 172              		.loc 1 169 5 is_stmt 1 discriminator 2 view .LVU54
 173              		.loc 1 169 25 is_stmt 0 discriminator 2 view .LVU55
 174 0034 1160     		str	r1, [r2]
 170:Drivers/STM32F3xx_HAL_Driver/Src/stm32f3xx_hal_i2c_ex.c **** 
ARM GAS  /tmp/cc1SETmP.s 			page 7


 171:Drivers/STM32F3xx_HAL_Driver/Src/stm32f3xx_hal_i2c_ex.c ****     __HAL_I2C_ENABLE(hi2c);
 175              		.loc 1 171 5 is_stmt 1 discriminator 2 view .LVU56
 176 0036 0268     		ldr	r2, [r0]
 177 0038 1368     		ldr	r3, [r2]
 178 003a 43F00103 		orr	r3, r3, #1
 179 003e 1360     		str	r3, [r2]
 172:Drivers/STM32F3xx_HAL_Driver/Src/stm32f3xx_hal_i2c_ex.c **** 
 173:Drivers/STM32F3xx_HAL_Driver/Src/stm32f3xx_hal_i2c_ex.c ****     hi2c->State = HAL_I2C_STATE_READY;
 180              		.loc 1 173 5 discriminator 2 view .LVU57
 181              		.loc 1 173 17 is_stmt 0 discriminator 2 view .LVU58
 182 0040 2023     		movs	r3, #32
 183 0042 80F84130 		strb	r3, [r0, #65]
 174:Drivers/STM32F3xx_HAL_Driver/Src/stm32f3xx_hal_i2c_ex.c **** 
 175:Drivers/STM32F3xx_HAL_Driver/Src/stm32f3xx_hal_i2c_ex.c ****     /* Process Unlocked */
 176:Drivers/STM32F3xx_HAL_Driver/Src/stm32f3xx_hal_i2c_ex.c ****     __HAL_UNLOCK(hi2c);
 184              		.loc 1 176 5 is_stmt 1 discriminator 2 view .LVU59
 185              		.loc 1 176 5 discriminator 2 view .LVU60
 186 0046 0023     		movs	r3, #0
 187 0048 80F84030 		strb	r3, [r0, #64]
 188              		.loc 1 176 5 discriminator 2 view .LVU61
 177:Drivers/STM32F3xx_HAL_Driver/Src/stm32f3xx_hal_i2c_ex.c **** 
 178:Drivers/STM32F3xx_HAL_Driver/Src/stm32f3xx_hal_i2c_ex.c ****     return HAL_OK;
 189              		.loc 1 178 5 discriminator 2 view .LVU62
 190              		.loc 1 178 12 is_stmt 0 discriminator 2 view .LVU63
 191 004c 1846     		mov	r0, r3
 192              	.LVL11:
 193              		.loc 1 178 12 discriminator 2 view .LVU64
 194 004e 7047     		bx	lr
 195              	.LVL12:
 196              	.L7:
 179:Drivers/STM32F3xx_HAL_Driver/Src/stm32f3xx_hal_i2c_ex.c ****   }
 180:Drivers/STM32F3xx_HAL_Driver/Src/stm32f3xx_hal_i2c_ex.c ****   else
 181:Drivers/STM32F3xx_HAL_Driver/Src/stm32f3xx_hal_i2c_ex.c ****   {
 182:Drivers/STM32F3xx_HAL_Driver/Src/stm32f3xx_hal_i2c_ex.c ****     return HAL_BUSY;
 197              		.loc 1 182 12 view .LVU65
 198 0050 0220     		movs	r0, #2
 199              	.LVL13:
 200              		.loc 1 182 12 view .LVU66
 201 0052 7047     		bx	lr
 202              	.LVL14:
 203              	.L8:
 152:Drivers/STM32F3xx_HAL_Driver/Src/stm32f3xx_hal_i2c_ex.c **** 
 204              		.loc 1 152 5 view .LVU67
 205 0054 0220     		movs	r0, #2
 206              	.LVL15:
 183:Drivers/STM32F3xx_HAL_Driver/Src/stm32f3xx_hal_i2c_ex.c ****   }
 184:Drivers/STM32F3xx_HAL_Driver/Src/stm32f3xx_hal_i2c_ex.c **** }
 207              		.loc 1 184 1 view .LVU68
 208 0056 7047     		bx	lr
 209              		.cfi_endproc
 210              	.LFE124:
 212              		.section	.text.HAL_I2CEx_EnableWakeUp,"ax",%progbits
 213              		.align	1
 214              		.global	HAL_I2CEx_EnableWakeUp
 215              		.syntax unified
 216              		.thumb
 217              		.thumb_func
ARM GAS  /tmp/cc1SETmP.s 			page 8


 219              	HAL_I2CEx_EnableWakeUp:
 220              	.LVL16:
 221              	.LFB125:
 185:Drivers/STM32F3xx_HAL_Driver/Src/stm32f3xx_hal_i2c_ex.c **** /**
 186:Drivers/STM32F3xx_HAL_Driver/Src/stm32f3xx_hal_i2c_ex.c ****   * @}
 187:Drivers/STM32F3xx_HAL_Driver/Src/stm32f3xx_hal_i2c_ex.c ****   */
 188:Drivers/STM32F3xx_HAL_Driver/Src/stm32f3xx_hal_i2c_ex.c **** 
 189:Drivers/STM32F3xx_HAL_Driver/Src/stm32f3xx_hal_i2c_ex.c **** /** @defgroup I2CEx_Exported_Functions_Group2 WakeUp Mode Functions
 190:Drivers/STM32F3xx_HAL_Driver/Src/stm32f3xx_hal_i2c_ex.c ****   * @brief    WakeUp Mode Functions
 191:Drivers/STM32F3xx_HAL_Driver/Src/stm32f3xx_hal_i2c_ex.c ****   *
 192:Drivers/STM32F3xx_HAL_Driver/Src/stm32f3xx_hal_i2c_ex.c **** @verbatim
 193:Drivers/STM32F3xx_HAL_Driver/Src/stm32f3xx_hal_i2c_ex.c ****  ===============================================================================
 194:Drivers/STM32F3xx_HAL_Driver/Src/stm32f3xx_hal_i2c_ex.c ****                       ##### WakeUp Mode Functions #####
 195:Drivers/STM32F3xx_HAL_Driver/Src/stm32f3xx_hal_i2c_ex.c ****  ===============================================================================
 196:Drivers/STM32F3xx_HAL_Driver/Src/stm32f3xx_hal_i2c_ex.c ****     [..] This section provides functions allowing to:
 197:Drivers/STM32F3xx_HAL_Driver/Src/stm32f3xx_hal_i2c_ex.c ****       (+) Configure Wake Up Feature
 198:Drivers/STM32F3xx_HAL_Driver/Src/stm32f3xx_hal_i2c_ex.c **** 
 199:Drivers/STM32F3xx_HAL_Driver/Src/stm32f3xx_hal_i2c_ex.c **** @endverbatim
 200:Drivers/STM32F3xx_HAL_Driver/Src/stm32f3xx_hal_i2c_ex.c ****   * @{
 201:Drivers/STM32F3xx_HAL_Driver/Src/stm32f3xx_hal_i2c_ex.c ****   */
 202:Drivers/STM32F3xx_HAL_Driver/Src/stm32f3xx_hal_i2c_ex.c **** 
 203:Drivers/STM32F3xx_HAL_Driver/Src/stm32f3xx_hal_i2c_ex.c **** /**
 204:Drivers/STM32F3xx_HAL_Driver/Src/stm32f3xx_hal_i2c_ex.c ****   * @brief  Enable I2C wakeup from Stop mode(s).
 205:Drivers/STM32F3xx_HAL_Driver/Src/stm32f3xx_hal_i2c_ex.c ****   * @param  hi2c Pointer to a I2C_HandleTypeDef structure that contains
 206:Drivers/STM32F3xx_HAL_Driver/Src/stm32f3xx_hal_i2c_ex.c ****   *                the configuration information for the specified I2Cx peripheral.
 207:Drivers/STM32F3xx_HAL_Driver/Src/stm32f3xx_hal_i2c_ex.c ****   * @retval HAL status
 208:Drivers/STM32F3xx_HAL_Driver/Src/stm32f3xx_hal_i2c_ex.c ****   */
 209:Drivers/STM32F3xx_HAL_Driver/Src/stm32f3xx_hal_i2c_ex.c **** HAL_StatusTypeDef HAL_I2CEx_EnableWakeUp(I2C_HandleTypeDef *hi2c)
 210:Drivers/STM32F3xx_HAL_Driver/Src/stm32f3xx_hal_i2c_ex.c **** {
 222              		.loc 1 210 1 is_stmt 1 view -0
 223              		.cfi_startproc
 224              		@ args = 0, pretend = 0, frame = 0
 225              		@ frame_needed = 0, uses_anonymous_args = 0
 226              		@ link register save eliminated.
 211:Drivers/STM32F3xx_HAL_Driver/Src/stm32f3xx_hal_i2c_ex.c ****   /* Check the parameters */
 212:Drivers/STM32F3xx_HAL_Driver/Src/stm32f3xx_hal_i2c_ex.c ****   assert_param(IS_I2C_WAKEUP_FROMSTOP_INSTANCE(hi2c->Instance));
 227              		.loc 1 212 3 view .LVU70
 213:Drivers/STM32F3xx_HAL_Driver/Src/stm32f3xx_hal_i2c_ex.c **** 
 214:Drivers/STM32F3xx_HAL_Driver/Src/stm32f3xx_hal_i2c_ex.c ****   if (hi2c->State == HAL_I2C_STATE_READY)
 228              		.loc 1 214 3 view .LVU71
 229              		.loc 1 214 11 is_stmt 0 view .LVU72
 230 0000 90F84130 		ldrb	r3, [r0, #65]	@ zero_extendqisi2
 231 0004 DBB2     		uxtb	r3, r3
 232              		.loc 1 214 6 view .LVU73
 233 0006 202B     		cmp	r3, #32
 234 0008 20D1     		bne	.L11
 215:Drivers/STM32F3xx_HAL_Driver/Src/stm32f3xx_hal_i2c_ex.c ****   {
 216:Drivers/STM32F3xx_HAL_Driver/Src/stm32f3xx_hal_i2c_ex.c ****     /* Process Locked */
 217:Drivers/STM32F3xx_HAL_Driver/Src/stm32f3xx_hal_i2c_ex.c ****     __HAL_LOCK(hi2c);
 235              		.loc 1 217 5 is_stmt 1 view .LVU74
 236              		.loc 1 217 5 view .LVU75
 237 000a 90F84030 		ldrb	r3, [r0, #64]	@ zero_extendqisi2
 238 000e 012B     		cmp	r3, #1
 239 0010 1ED0     		beq	.L12
 240              		.loc 1 217 5 discriminator 2 view .LVU76
 241 0012 0123     		movs	r3, #1
 242 0014 80F84030 		strb	r3, [r0, #64]
ARM GAS  /tmp/cc1SETmP.s 			page 9


 243              		.loc 1 217 5 discriminator 2 view .LVU77
 218:Drivers/STM32F3xx_HAL_Driver/Src/stm32f3xx_hal_i2c_ex.c **** 
 219:Drivers/STM32F3xx_HAL_Driver/Src/stm32f3xx_hal_i2c_ex.c ****     hi2c->State = HAL_I2C_STATE_BUSY;
 244              		.loc 1 219 5 discriminator 2 view .LVU78
 245              		.loc 1 219 17 is_stmt 0 discriminator 2 view .LVU79
 246 0018 2423     		movs	r3, #36
 247 001a 80F84130 		strb	r3, [r0, #65]
 220:Drivers/STM32F3xx_HAL_Driver/Src/stm32f3xx_hal_i2c_ex.c **** 
 221:Drivers/STM32F3xx_HAL_Driver/Src/stm32f3xx_hal_i2c_ex.c ****     /* Disable the selected I2C peripheral */
 222:Drivers/STM32F3xx_HAL_Driver/Src/stm32f3xx_hal_i2c_ex.c ****     __HAL_I2C_DISABLE(hi2c);
 248              		.loc 1 222 5 is_stmt 1 discriminator 2 view .LVU80
 249 001e 0268     		ldr	r2, [r0]
 250 0020 1368     		ldr	r3, [r2]
 251 0022 23F00103 		bic	r3, r3, #1
 252 0026 1360     		str	r3, [r2]
 223:Drivers/STM32F3xx_HAL_Driver/Src/stm32f3xx_hal_i2c_ex.c **** 
 224:Drivers/STM32F3xx_HAL_Driver/Src/stm32f3xx_hal_i2c_ex.c ****     /* Enable wakeup from stop mode */
 225:Drivers/STM32F3xx_HAL_Driver/Src/stm32f3xx_hal_i2c_ex.c ****     hi2c->Instance->CR1 |= I2C_CR1_WUPEN;
 253              		.loc 1 225 5 discriminator 2 view .LVU81
 254              		.loc 1 225 9 is_stmt 0 discriminator 2 view .LVU82
 255 0028 0268     		ldr	r2, [r0]
 256              		.loc 1 225 25 discriminator 2 view .LVU83
 257 002a 1368     		ldr	r3, [r2]
 258 002c 43F48023 		orr	r3, r3, #262144
 259 0030 1360     		str	r3, [r2]
 226:Drivers/STM32F3xx_HAL_Driver/Src/stm32f3xx_hal_i2c_ex.c **** 
 227:Drivers/STM32F3xx_HAL_Driver/Src/stm32f3xx_hal_i2c_ex.c ****     __HAL_I2C_ENABLE(hi2c);
 260              		.loc 1 227 5 is_stmt 1 discriminator 2 view .LVU84
 261 0032 0268     		ldr	r2, [r0]
 262 0034 1368     		ldr	r3, [r2]
 263 0036 43F00103 		orr	r3, r3, #1
 264 003a 1360     		str	r3, [r2]
 228:Drivers/STM32F3xx_HAL_Driver/Src/stm32f3xx_hal_i2c_ex.c **** 
 229:Drivers/STM32F3xx_HAL_Driver/Src/stm32f3xx_hal_i2c_ex.c ****     hi2c->State = HAL_I2C_STATE_READY;
 265              		.loc 1 229 5 discriminator 2 view .LVU85
 266              		.loc 1 229 17 is_stmt 0 discriminator 2 view .LVU86
 267 003c 2023     		movs	r3, #32
 268 003e 80F84130 		strb	r3, [r0, #65]
 230:Drivers/STM32F3xx_HAL_Driver/Src/stm32f3xx_hal_i2c_ex.c **** 
 231:Drivers/STM32F3xx_HAL_Driver/Src/stm32f3xx_hal_i2c_ex.c ****     /* Process Unlocked */
 232:Drivers/STM32F3xx_HAL_Driver/Src/stm32f3xx_hal_i2c_ex.c ****     __HAL_UNLOCK(hi2c);
 269              		.loc 1 232 5 is_stmt 1 discriminator 2 view .LVU87
 270              		.loc 1 232 5 discriminator 2 view .LVU88
 271 0042 0023     		movs	r3, #0
 272 0044 80F84030 		strb	r3, [r0, #64]
 273              		.loc 1 232 5 discriminator 2 view .LVU89
 233:Drivers/STM32F3xx_HAL_Driver/Src/stm32f3xx_hal_i2c_ex.c **** 
 234:Drivers/STM32F3xx_HAL_Driver/Src/stm32f3xx_hal_i2c_ex.c ****     return HAL_OK;
 274              		.loc 1 234 5 discriminator 2 view .LVU90
 275              		.loc 1 234 12 is_stmt 0 discriminator 2 view .LVU91
 276 0048 1846     		mov	r0, r3
 277              	.LVL17:
 278              		.loc 1 234 12 discriminator 2 view .LVU92
 279 004a 7047     		bx	lr
 280              	.LVL18:
 281              	.L11:
 235:Drivers/STM32F3xx_HAL_Driver/Src/stm32f3xx_hal_i2c_ex.c ****   }
ARM GAS  /tmp/cc1SETmP.s 			page 10


 236:Drivers/STM32F3xx_HAL_Driver/Src/stm32f3xx_hal_i2c_ex.c ****   else
 237:Drivers/STM32F3xx_HAL_Driver/Src/stm32f3xx_hal_i2c_ex.c ****   {
 238:Drivers/STM32F3xx_HAL_Driver/Src/stm32f3xx_hal_i2c_ex.c ****     return HAL_BUSY;
 282              		.loc 1 238 12 view .LVU93
 283 004c 0220     		movs	r0, #2
 284              	.LVL19:
 285              		.loc 1 238 12 view .LVU94
 286 004e 7047     		bx	lr
 287              	.LVL20:
 288              	.L12:
 217:Drivers/STM32F3xx_HAL_Driver/Src/stm32f3xx_hal_i2c_ex.c **** 
 289              		.loc 1 217 5 view .LVU95
 290 0050 0220     		movs	r0, #2
 291              	.LVL21:
 239:Drivers/STM32F3xx_HAL_Driver/Src/stm32f3xx_hal_i2c_ex.c ****   }
 240:Drivers/STM32F3xx_HAL_Driver/Src/stm32f3xx_hal_i2c_ex.c **** }
 292              		.loc 1 240 1 view .LVU96
 293 0052 7047     		bx	lr
 294              		.cfi_endproc
 295              	.LFE125:
 297              		.section	.text.HAL_I2CEx_DisableWakeUp,"ax",%progbits
 298              		.align	1
 299              		.global	HAL_I2CEx_DisableWakeUp
 300              		.syntax unified
 301              		.thumb
 302              		.thumb_func
 304              	HAL_I2CEx_DisableWakeUp:
 305              	.LVL22:
 306              	.LFB126:
 241:Drivers/STM32F3xx_HAL_Driver/Src/stm32f3xx_hal_i2c_ex.c **** 
 242:Drivers/STM32F3xx_HAL_Driver/Src/stm32f3xx_hal_i2c_ex.c **** /**
 243:Drivers/STM32F3xx_HAL_Driver/Src/stm32f3xx_hal_i2c_ex.c ****   * @brief  Disable I2C wakeup from Stop mode(s).
 244:Drivers/STM32F3xx_HAL_Driver/Src/stm32f3xx_hal_i2c_ex.c ****   * @param  hi2c Pointer to a I2C_HandleTypeDef structure that contains
 245:Drivers/STM32F3xx_HAL_Driver/Src/stm32f3xx_hal_i2c_ex.c ****   *                the configuration information for the specified I2Cx peripheral.
 246:Drivers/STM32F3xx_HAL_Driver/Src/stm32f3xx_hal_i2c_ex.c ****   * @retval HAL status
 247:Drivers/STM32F3xx_HAL_Driver/Src/stm32f3xx_hal_i2c_ex.c ****   */
 248:Drivers/STM32F3xx_HAL_Driver/Src/stm32f3xx_hal_i2c_ex.c **** HAL_StatusTypeDef HAL_I2CEx_DisableWakeUp(I2C_HandleTypeDef *hi2c)
 249:Drivers/STM32F3xx_HAL_Driver/Src/stm32f3xx_hal_i2c_ex.c **** {
 307              		.loc 1 249 1 is_stmt 1 view -0
 308              		.cfi_startproc
 309              		@ args = 0, pretend = 0, frame = 0
 310              		@ frame_needed = 0, uses_anonymous_args = 0
 311              		@ link register save eliminated.
 250:Drivers/STM32F3xx_HAL_Driver/Src/stm32f3xx_hal_i2c_ex.c ****   /* Check the parameters */
 251:Drivers/STM32F3xx_HAL_Driver/Src/stm32f3xx_hal_i2c_ex.c ****   assert_param(IS_I2C_WAKEUP_FROMSTOP_INSTANCE(hi2c->Instance));
 312              		.loc 1 251 3 view .LVU98
 252:Drivers/STM32F3xx_HAL_Driver/Src/stm32f3xx_hal_i2c_ex.c **** 
 253:Drivers/STM32F3xx_HAL_Driver/Src/stm32f3xx_hal_i2c_ex.c ****   if (hi2c->State == HAL_I2C_STATE_READY)
 313              		.loc 1 253 3 view .LVU99
 314              		.loc 1 253 11 is_stmt 0 view .LVU100
 315 0000 90F84130 		ldrb	r3, [r0, #65]	@ zero_extendqisi2
 316 0004 DBB2     		uxtb	r3, r3
 317              		.loc 1 253 6 view .LVU101
 318 0006 202B     		cmp	r3, #32
 319 0008 20D1     		bne	.L15
 254:Drivers/STM32F3xx_HAL_Driver/Src/stm32f3xx_hal_i2c_ex.c ****   {
 255:Drivers/STM32F3xx_HAL_Driver/Src/stm32f3xx_hal_i2c_ex.c ****     /* Process Locked */
ARM GAS  /tmp/cc1SETmP.s 			page 11


 256:Drivers/STM32F3xx_HAL_Driver/Src/stm32f3xx_hal_i2c_ex.c ****     __HAL_LOCK(hi2c);
 320              		.loc 1 256 5 is_stmt 1 view .LVU102
 321              		.loc 1 256 5 view .LVU103
 322 000a 90F84030 		ldrb	r3, [r0, #64]	@ zero_extendqisi2
 323 000e 012B     		cmp	r3, #1
 324 0010 1ED0     		beq	.L16
 325              		.loc 1 256 5 discriminator 2 view .LVU104
 326 0012 0123     		movs	r3, #1
 327 0014 80F84030 		strb	r3, [r0, #64]
 328              		.loc 1 256 5 discriminator 2 view .LVU105
 257:Drivers/STM32F3xx_HAL_Driver/Src/stm32f3xx_hal_i2c_ex.c **** 
 258:Drivers/STM32F3xx_HAL_Driver/Src/stm32f3xx_hal_i2c_ex.c ****     hi2c->State = HAL_I2C_STATE_BUSY;
 329              		.loc 1 258 5 discriminator 2 view .LVU106
 330              		.loc 1 258 17 is_stmt 0 discriminator 2 view .LVU107
 331 0018 2423     		movs	r3, #36
 332 001a 80F84130 		strb	r3, [r0, #65]
 259:Drivers/STM32F3xx_HAL_Driver/Src/stm32f3xx_hal_i2c_ex.c **** 
 260:Drivers/STM32F3xx_HAL_Driver/Src/stm32f3xx_hal_i2c_ex.c ****     /* Disable the selected I2C peripheral */
 261:Drivers/STM32F3xx_HAL_Driver/Src/stm32f3xx_hal_i2c_ex.c ****     __HAL_I2C_DISABLE(hi2c);
 333              		.loc 1 261 5 is_stmt 1 discriminator 2 view .LVU108
 334 001e 0268     		ldr	r2, [r0]
 335 0020 1368     		ldr	r3, [r2]
 336 0022 23F00103 		bic	r3, r3, #1
 337 0026 1360     		str	r3, [r2]
 262:Drivers/STM32F3xx_HAL_Driver/Src/stm32f3xx_hal_i2c_ex.c **** 
 263:Drivers/STM32F3xx_HAL_Driver/Src/stm32f3xx_hal_i2c_ex.c ****     /* Enable wakeup from stop mode */
 264:Drivers/STM32F3xx_HAL_Driver/Src/stm32f3xx_hal_i2c_ex.c ****     hi2c->Instance->CR1 &= ~(I2C_CR1_WUPEN);
 338              		.loc 1 264 5 discriminator 2 view .LVU109
 339              		.loc 1 264 9 is_stmt 0 discriminator 2 view .LVU110
 340 0028 0268     		ldr	r2, [r0]
 341              		.loc 1 264 25 discriminator 2 view .LVU111
 342 002a 1368     		ldr	r3, [r2]
 343 002c 23F48023 		bic	r3, r3, #262144
 344 0030 1360     		str	r3, [r2]
 265:Drivers/STM32F3xx_HAL_Driver/Src/stm32f3xx_hal_i2c_ex.c **** 
 266:Drivers/STM32F3xx_HAL_Driver/Src/stm32f3xx_hal_i2c_ex.c ****     __HAL_I2C_ENABLE(hi2c);
 345              		.loc 1 266 5 is_stmt 1 discriminator 2 view .LVU112
 346 0032 0268     		ldr	r2, [r0]
 347 0034 1368     		ldr	r3, [r2]
 348 0036 43F00103 		orr	r3, r3, #1
 349 003a 1360     		str	r3, [r2]
 267:Drivers/STM32F3xx_HAL_Driver/Src/stm32f3xx_hal_i2c_ex.c **** 
 268:Drivers/STM32F3xx_HAL_Driver/Src/stm32f3xx_hal_i2c_ex.c ****     hi2c->State = HAL_I2C_STATE_READY;
 350              		.loc 1 268 5 discriminator 2 view .LVU113
 351              		.loc 1 268 17 is_stmt 0 discriminator 2 view .LVU114
 352 003c 2023     		movs	r3, #32
 353 003e 80F84130 		strb	r3, [r0, #65]
 269:Drivers/STM32F3xx_HAL_Driver/Src/stm32f3xx_hal_i2c_ex.c **** 
 270:Drivers/STM32F3xx_HAL_Driver/Src/stm32f3xx_hal_i2c_ex.c ****     /* Process Unlocked */
 271:Drivers/STM32F3xx_HAL_Driver/Src/stm32f3xx_hal_i2c_ex.c ****     __HAL_UNLOCK(hi2c);
 354              		.loc 1 271 5 is_stmt 1 discriminator 2 view .LVU115
 355              		.loc 1 271 5 discriminator 2 view .LVU116
 356 0042 0023     		movs	r3, #0
 357 0044 80F84030 		strb	r3, [r0, #64]
 358              		.loc 1 271 5 discriminator 2 view .LVU117
 272:Drivers/STM32F3xx_HAL_Driver/Src/stm32f3xx_hal_i2c_ex.c **** 
 273:Drivers/STM32F3xx_HAL_Driver/Src/stm32f3xx_hal_i2c_ex.c ****     return HAL_OK;
ARM GAS  /tmp/cc1SETmP.s 			page 12


 359              		.loc 1 273 5 discriminator 2 view .LVU118
 360              		.loc 1 273 12 is_stmt 0 discriminator 2 view .LVU119
 361 0048 1846     		mov	r0, r3
 362              	.LVL23:
 363              		.loc 1 273 12 discriminator 2 view .LVU120
 364 004a 7047     		bx	lr
 365              	.LVL24:
 366              	.L15:
 274:Drivers/STM32F3xx_HAL_Driver/Src/stm32f3xx_hal_i2c_ex.c ****   }
 275:Drivers/STM32F3xx_HAL_Driver/Src/stm32f3xx_hal_i2c_ex.c ****   else
 276:Drivers/STM32F3xx_HAL_Driver/Src/stm32f3xx_hal_i2c_ex.c ****   {
 277:Drivers/STM32F3xx_HAL_Driver/Src/stm32f3xx_hal_i2c_ex.c ****     return HAL_BUSY;
 367              		.loc 1 277 12 view .LVU121
 368 004c 0220     		movs	r0, #2
 369              	.LVL25:
 370              		.loc 1 277 12 view .LVU122
 371 004e 7047     		bx	lr
 372              	.LVL26:
 373              	.L16:
 256:Drivers/STM32F3xx_HAL_Driver/Src/stm32f3xx_hal_i2c_ex.c **** 
 374              		.loc 1 256 5 view .LVU123
 375 0050 0220     		movs	r0, #2
 376              	.LVL27:
 278:Drivers/STM32F3xx_HAL_Driver/Src/stm32f3xx_hal_i2c_ex.c ****   }
 279:Drivers/STM32F3xx_HAL_Driver/Src/stm32f3xx_hal_i2c_ex.c **** }
 377              		.loc 1 279 1 view .LVU124
 378 0052 7047     		bx	lr
 379              		.cfi_endproc
 380              	.LFE126:
 382              		.section	.text.HAL_I2CEx_EnableFastModePlus,"ax",%progbits
 383              		.align	1
 384              		.global	HAL_I2CEx_EnableFastModePlus
 385              		.syntax unified
 386              		.thumb
 387              		.thumb_func
 389              	HAL_I2CEx_EnableFastModePlus:
 390              	.LVL28:
 391              	.LFB127:
 280:Drivers/STM32F3xx_HAL_Driver/Src/stm32f3xx_hal_i2c_ex.c **** /**
 281:Drivers/STM32F3xx_HAL_Driver/Src/stm32f3xx_hal_i2c_ex.c ****   * @}
 282:Drivers/STM32F3xx_HAL_Driver/Src/stm32f3xx_hal_i2c_ex.c ****   */
 283:Drivers/STM32F3xx_HAL_Driver/Src/stm32f3xx_hal_i2c_ex.c **** 
 284:Drivers/STM32F3xx_HAL_Driver/Src/stm32f3xx_hal_i2c_ex.c **** /** @defgroup I2CEx_Exported_Functions_Group3 Fast Mode Plus Functions
 285:Drivers/STM32F3xx_HAL_Driver/Src/stm32f3xx_hal_i2c_ex.c ****   * @brief    Fast Mode Plus Functions
 286:Drivers/STM32F3xx_HAL_Driver/Src/stm32f3xx_hal_i2c_ex.c ****   *
 287:Drivers/STM32F3xx_HAL_Driver/Src/stm32f3xx_hal_i2c_ex.c **** @verbatim
 288:Drivers/STM32F3xx_HAL_Driver/Src/stm32f3xx_hal_i2c_ex.c ****  ===============================================================================
 289:Drivers/STM32F3xx_HAL_Driver/Src/stm32f3xx_hal_i2c_ex.c ****                       ##### Fast Mode Plus Functions #####
 290:Drivers/STM32F3xx_HAL_Driver/Src/stm32f3xx_hal_i2c_ex.c ****  ===============================================================================
 291:Drivers/STM32F3xx_HAL_Driver/Src/stm32f3xx_hal_i2c_ex.c ****     [..] This section provides functions allowing to:
 292:Drivers/STM32F3xx_HAL_Driver/Src/stm32f3xx_hal_i2c_ex.c ****       (+) Configure Fast Mode Plus
 293:Drivers/STM32F3xx_HAL_Driver/Src/stm32f3xx_hal_i2c_ex.c **** 
 294:Drivers/STM32F3xx_HAL_Driver/Src/stm32f3xx_hal_i2c_ex.c **** @endverbatim
 295:Drivers/STM32F3xx_HAL_Driver/Src/stm32f3xx_hal_i2c_ex.c ****   * @{
 296:Drivers/STM32F3xx_HAL_Driver/Src/stm32f3xx_hal_i2c_ex.c ****   */
 297:Drivers/STM32F3xx_HAL_Driver/Src/stm32f3xx_hal_i2c_ex.c **** 
 298:Drivers/STM32F3xx_HAL_Driver/Src/stm32f3xx_hal_i2c_ex.c **** /**
ARM GAS  /tmp/cc1SETmP.s 			page 13


 299:Drivers/STM32F3xx_HAL_Driver/Src/stm32f3xx_hal_i2c_ex.c ****   * @brief Enable the I2C fast mode plus driving capability.
 300:Drivers/STM32F3xx_HAL_Driver/Src/stm32f3xx_hal_i2c_ex.c ****   * @param ConfigFastModePlus Selects the pin.
 301:Drivers/STM32F3xx_HAL_Driver/Src/stm32f3xx_hal_i2c_ex.c ****   *   This parameter can be one of the @ref I2CEx_FastModePlus values
 302:Drivers/STM32F3xx_HAL_Driver/Src/stm32f3xx_hal_i2c_ex.c ****   * @note  For I2C1, fast mode plus driving capability can be enabled on all selected
 303:Drivers/STM32F3xx_HAL_Driver/Src/stm32f3xx_hal_i2c_ex.c ****   *        I2C1 pins using I2C_FASTMODEPLUS_I2C1 parameter or independently
 304:Drivers/STM32F3xx_HAL_Driver/Src/stm32f3xx_hal_i2c_ex.c ****   *        on each one of the following pins PB6, PB7, PB8 and PB9.
 305:Drivers/STM32F3xx_HAL_Driver/Src/stm32f3xx_hal_i2c_ex.c ****   * @note  For remaining I2C1 pins (PA14, PA15...) fast mode plus driving capability
 306:Drivers/STM32F3xx_HAL_Driver/Src/stm32f3xx_hal_i2c_ex.c ****   *        can be enabled only by using I2C_FASTMODEPLUS_I2C1 parameter.
 307:Drivers/STM32F3xx_HAL_Driver/Src/stm32f3xx_hal_i2c_ex.c ****   * @note  For all I2C2 pins fast mode plus driving capability can be enabled
 308:Drivers/STM32F3xx_HAL_Driver/Src/stm32f3xx_hal_i2c_ex.c ****   *        only by using I2C_FASTMODEPLUS_I2C2 parameter.
 309:Drivers/STM32F3xx_HAL_Driver/Src/stm32f3xx_hal_i2c_ex.c ****   * @note  For all I2C3 pins fast mode plus driving capability can be enabled
 310:Drivers/STM32F3xx_HAL_Driver/Src/stm32f3xx_hal_i2c_ex.c ****   *        only by using I2C_FASTMODEPLUS_I2C3 parameter.
 311:Drivers/STM32F3xx_HAL_Driver/Src/stm32f3xx_hal_i2c_ex.c ****   * @retval None
 312:Drivers/STM32F3xx_HAL_Driver/Src/stm32f3xx_hal_i2c_ex.c ****   */
 313:Drivers/STM32F3xx_HAL_Driver/Src/stm32f3xx_hal_i2c_ex.c **** void HAL_I2CEx_EnableFastModePlus(uint32_t ConfigFastModePlus)
 314:Drivers/STM32F3xx_HAL_Driver/Src/stm32f3xx_hal_i2c_ex.c **** {
 392              		.loc 1 314 1 is_stmt 1 view -0
 393              		.cfi_startproc
 394              		@ args = 0, pretend = 0, frame = 8
 395              		@ frame_needed = 0, uses_anonymous_args = 0
 396              		@ link register save eliminated.
 397              		.loc 1 314 1 is_stmt 0 view .LVU126
 398 0000 82B0     		sub	sp, sp, #8
 399              	.LCFI0:
 400              		.cfi_def_cfa_offset 8
 315:Drivers/STM32F3xx_HAL_Driver/Src/stm32f3xx_hal_i2c_ex.c ****   /* Check the parameter */
 316:Drivers/STM32F3xx_HAL_Driver/Src/stm32f3xx_hal_i2c_ex.c ****   assert_param(IS_I2C_FASTMODEPLUS(ConfigFastModePlus));
 401              		.loc 1 316 3 is_stmt 1 view .LVU127
 317:Drivers/STM32F3xx_HAL_Driver/Src/stm32f3xx_hal_i2c_ex.c **** 
 318:Drivers/STM32F3xx_HAL_Driver/Src/stm32f3xx_hal_i2c_ex.c ****   /* Enable SYSCFG clock */
 319:Drivers/STM32F3xx_HAL_Driver/Src/stm32f3xx_hal_i2c_ex.c ****   __HAL_RCC_SYSCFG_CLK_ENABLE();
 402              		.loc 1 319 3 view .LVU128
 403              	.LBB2:
 404              		.loc 1 319 3 view .LVU129
 405              		.loc 1 319 3 view .LVU130
 406 0002 084A     		ldr	r2, .L19
 407 0004 9169     		ldr	r1, [r2, #24]
 408 0006 41F00101 		orr	r1, r1, #1
 409 000a 9161     		str	r1, [r2, #24]
 410              		.loc 1 319 3 view .LVU131
 411 000c 9269     		ldr	r2, [r2, #24]
 412 000e 02F00102 		and	r2, r2, #1
 413 0012 0192     		str	r2, [sp, #4]
 414              		.loc 1 319 3 view .LVU132
 415 0014 019B     		ldr	r3, [sp, #4]
 416              	.LBE2:
 417              		.loc 1 319 3 view .LVU133
 320:Drivers/STM32F3xx_HAL_Driver/Src/stm32f3xx_hal_i2c_ex.c **** 
 321:Drivers/STM32F3xx_HAL_Driver/Src/stm32f3xx_hal_i2c_ex.c ****   /* Enable fast mode plus driving capability for selected pin */
 322:Drivers/STM32F3xx_HAL_Driver/Src/stm32f3xx_hal_i2c_ex.c ****   SET_BIT(SYSCFG->CFGR1, (uint32_t)ConfigFastModePlus);
 418              		.loc 1 322 3 view .LVU134
 419 0016 044A     		ldr	r2, .L19+4
 420 0018 1368     		ldr	r3, [r2]
 421 001a 0343     		orrs	r3, r3, r0
 422 001c 1360     		str	r3, [r2]
 323:Drivers/STM32F3xx_HAL_Driver/Src/stm32f3xx_hal_i2c_ex.c **** }
 423              		.loc 1 323 1 is_stmt 0 view .LVU135
ARM GAS  /tmp/cc1SETmP.s 			page 14


 424 001e 02B0     		add	sp, sp, #8
 425              	.LCFI1:
 426              		.cfi_def_cfa_offset 0
 427              		@ sp needed
 428 0020 7047     		bx	lr
 429              	.L20:
 430 0022 00BF     		.align	2
 431              	.L19:
 432 0024 00100240 		.word	1073876992
 433 0028 00000140 		.word	1073807360
 434              		.cfi_endproc
 435              	.LFE127:
 437              		.section	.text.HAL_I2CEx_DisableFastModePlus,"ax",%progbits
 438              		.align	1
 439              		.global	HAL_I2CEx_DisableFastModePlus
 440              		.syntax unified
 441              		.thumb
 442              		.thumb_func
 444              	HAL_I2CEx_DisableFastModePlus:
 445              	.LVL29:
 446              	.LFB128:
 324:Drivers/STM32F3xx_HAL_Driver/Src/stm32f3xx_hal_i2c_ex.c **** 
 325:Drivers/STM32F3xx_HAL_Driver/Src/stm32f3xx_hal_i2c_ex.c **** /**
 326:Drivers/STM32F3xx_HAL_Driver/Src/stm32f3xx_hal_i2c_ex.c ****   * @brief Disable the I2C fast mode plus driving capability.
 327:Drivers/STM32F3xx_HAL_Driver/Src/stm32f3xx_hal_i2c_ex.c ****   * @param ConfigFastModePlus Selects the pin.
 328:Drivers/STM32F3xx_HAL_Driver/Src/stm32f3xx_hal_i2c_ex.c ****   *   This parameter can be one of the @ref I2CEx_FastModePlus values
 329:Drivers/STM32F3xx_HAL_Driver/Src/stm32f3xx_hal_i2c_ex.c ****   * @note  For I2C1, fast mode plus driving capability can be disabled on all selected
 330:Drivers/STM32F3xx_HAL_Driver/Src/stm32f3xx_hal_i2c_ex.c ****   *        I2C1 pins using I2C_FASTMODEPLUS_I2C1 parameter or independently
 331:Drivers/STM32F3xx_HAL_Driver/Src/stm32f3xx_hal_i2c_ex.c ****   *        on each one of the following pins PB6, PB7, PB8 and PB9.
 332:Drivers/STM32F3xx_HAL_Driver/Src/stm32f3xx_hal_i2c_ex.c ****   * @note  For remaining I2C1 pins (PA14, PA15...) fast mode plus driving capability
 333:Drivers/STM32F3xx_HAL_Driver/Src/stm32f3xx_hal_i2c_ex.c ****   *        can be disabled only by using I2C_FASTMODEPLUS_I2C1 parameter.
 334:Drivers/STM32F3xx_HAL_Driver/Src/stm32f3xx_hal_i2c_ex.c ****   * @note  For all I2C2 pins fast mode plus driving capability can be disabled
 335:Drivers/STM32F3xx_HAL_Driver/Src/stm32f3xx_hal_i2c_ex.c ****   *        only by using I2C_FASTMODEPLUS_I2C2 parameter.
 336:Drivers/STM32F3xx_HAL_Driver/Src/stm32f3xx_hal_i2c_ex.c ****   * @note  For all I2C3 pins fast mode plus driving capability can be disabled
 337:Drivers/STM32F3xx_HAL_Driver/Src/stm32f3xx_hal_i2c_ex.c ****   *        only by using I2C_FASTMODEPLUS_I2C3 parameter.
 338:Drivers/STM32F3xx_HAL_Driver/Src/stm32f3xx_hal_i2c_ex.c ****   * @retval None
 339:Drivers/STM32F3xx_HAL_Driver/Src/stm32f3xx_hal_i2c_ex.c ****   */
 340:Drivers/STM32F3xx_HAL_Driver/Src/stm32f3xx_hal_i2c_ex.c **** void HAL_I2CEx_DisableFastModePlus(uint32_t ConfigFastModePlus)
 341:Drivers/STM32F3xx_HAL_Driver/Src/stm32f3xx_hal_i2c_ex.c **** {
 447              		.loc 1 341 1 is_stmt 1 view -0
 448              		.cfi_startproc
 449              		@ args = 0, pretend = 0, frame = 8
 450              		@ frame_needed = 0, uses_anonymous_args = 0
 451              		@ link register save eliminated.
 452              		.loc 1 341 1 is_stmt 0 view .LVU137
 453 0000 82B0     		sub	sp, sp, #8
 454              	.LCFI2:
 455              		.cfi_def_cfa_offset 8
 342:Drivers/STM32F3xx_HAL_Driver/Src/stm32f3xx_hal_i2c_ex.c ****   /* Check the parameter */
 343:Drivers/STM32F3xx_HAL_Driver/Src/stm32f3xx_hal_i2c_ex.c ****   assert_param(IS_I2C_FASTMODEPLUS(ConfigFastModePlus));
 456              		.loc 1 343 3 is_stmt 1 view .LVU138
 344:Drivers/STM32F3xx_HAL_Driver/Src/stm32f3xx_hal_i2c_ex.c **** 
 345:Drivers/STM32F3xx_HAL_Driver/Src/stm32f3xx_hal_i2c_ex.c ****   /* Enable SYSCFG clock */
 346:Drivers/STM32F3xx_HAL_Driver/Src/stm32f3xx_hal_i2c_ex.c ****   __HAL_RCC_SYSCFG_CLK_ENABLE();
 457              		.loc 1 346 3 view .LVU139
 458              	.LBB3:
 459              		.loc 1 346 3 view .LVU140
ARM GAS  /tmp/cc1SETmP.s 			page 15


 460              		.loc 1 346 3 view .LVU141
 461 0002 084A     		ldr	r2, .L23
 462 0004 9169     		ldr	r1, [r2, #24]
 463 0006 41F00101 		orr	r1, r1, #1
 464 000a 9161     		str	r1, [r2, #24]
 465              		.loc 1 346 3 view .LVU142
 466 000c 9269     		ldr	r2, [r2, #24]
 467 000e 02F00102 		and	r2, r2, #1
 468 0012 0192     		str	r2, [sp, #4]
 469              		.loc 1 346 3 view .LVU143
 470 0014 019B     		ldr	r3, [sp, #4]
 471              	.LBE3:
 472              		.loc 1 346 3 view .LVU144
 347:Drivers/STM32F3xx_HAL_Driver/Src/stm32f3xx_hal_i2c_ex.c **** 
 348:Drivers/STM32F3xx_HAL_Driver/Src/stm32f3xx_hal_i2c_ex.c ****   /* Disable fast mode plus driving capability for selected pin */
 349:Drivers/STM32F3xx_HAL_Driver/Src/stm32f3xx_hal_i2c_ex.c ****   CLEAR_BIT(SYSCFG->CFGR1, (uint32_t)ConfigFastModePlus);
 473              		.loc 1 349 3 view .LVU145
 474 0016 044A     		ldr	r2, .L23+4
 475 0018 1368     		ldr	r3, [r2]
 476 001a 23EA0003 		bic	r3, r3, r0
 477 001e 1360     		str	r3, [r2]
 350:Drivers/STM32F3xx_HAL_Driver/Src/stm32f3xx_hal_i2c_ex.c **** }
 478              		.loc 1 350 1 is_stmt 0 view .LVU146
 479 0020 02B0     		add	sp, sp, #8
 480              	.LCFI3:
 481              		.cfi_def_cfa_offset 0
 482              		@ sp needed
 483 0022 7047     		bx	lr
 484              	.L24:
 485              		.align	2
 486              	.L23:
 487 0024 00100240 		.word	1073876992
 488 0028 00000140 		.word	1073807360
 489              		.cfi_endproc
 490              	.LFE128:
 492              		.text
 493              	.Letext0:
 494              		.file 2 "/home/dqnk/.config/Code - OSS/User/globalStorage/bmd.stm32-for-vscode/@xpack-dev-tools/ar
 495              		.file 3 "/home/dqnk/.config/Code - OSS/User/globalStorage/bmd.stm32-for-vscode/@xpack-dev-tools/ar
 496              		.file 4 "Drivers/CMSIS/Device/ST/STM32F3xx/Include/stm32f303x8.h"
 497              		.file 5 "Drivers/STM32F3xx_HAL_Driver/Inc/stm32f3xx_hal_def.h"
 498              		.file 6 "Drivers/STM32F3xx_HAL_Driver/Inc/stm32f3xx_hal_dma.h"
 499              		.file 7 "Drivers/STM32F3xx_HAL_Driver/Inc/stm32f3xx_hal_i2c.h"
ARM GAS  /tmp/cc1SETmP.s 			page 16


DEFINED SYMBOLS
                            *ABS*:0000000000000000 stm32f3xx_hal_i2c_ex.c
     /tmp/cc1SETmP.s:20     .text.HAL_I2CEx_ConfigAnalogFilter:0000000000000000 $t
     /tmp/cc1SETmP.s:26     .text.HAL_I2CEx_ConfigAnalogFilter:0000000000000000 HAL_I2CEx_ConfigAnalogFilter
     /tmp/cc1SETmP.s:116    .text.HAL_I2CEx_ConfigDigitalFilter:0000000000000000 $t
     /tmp/cc1SETmP.s:122    .text.HAL_I2CEx_ConfigDigitalFilter:0000000000000000 HAL_I2CEx_ConfigDigitalFilter
     /tmp/cc1SETmP.s:213    .text.HAL_I2CEx_EnableWakeUp:0000000000000000 $t
     /tmp/cc1SETmP.s:219    .text.HAL_I2CEx_EnableWakeUp:0000000000000000 HAL_I2CEx_EnableWakeUp
     /tmp/cc1SETmP.s:298    .text.HAL_I2CEx_DisableWakeUp:0000000000000000 $t
     /tmp/cc1SETmP.s:304    .text.HAL_I2CEx_DisableWakeUp:0000000000000000 HAL_I2CEx_DisableWakeUp
     /tmp/cc1SETmP.s:383    .text.HAL_I2CEx_EnableFastModePlus:0000000000000000 $t
     /tmp/cc1SETmP.s:389    .text.HAL_I2CEx_EnableFastModePlus:0000000000000000 HAL_I2CEx_EnableFastModePlus
     /tmp/cc1SETmP.s:432    .text.HAL_I2CEx_EnableFastModePlus:0000000000000024 $d
     /tmp/cc1SETmP.s:438    .text.HAL_I2CEx_DisableFastModePlus:0000000000000000 $t
     /tmp/cc1SETmP.s:444    .text.HAL_I2CEx_DisableFastModePlus:0000000000000000 HAL_I2CEx_DisableFastModePlus
     /tmp/cc1SETmP.s:487    .text.HAL_I2CEx_DisableFastModePlus:0000000000000024 $d

NO UNDEFINED SYMBOLS
